


Jun 06 02:04:25 tegra-ubuntu kernel: NET: Registered protocol family 31
Jun 06 02:04:25 tegra-ubuntu kernel: NET: Registered protocol family 2

Jun 06 02:04:25 tegra-ubuntu kernel: IP idents hash table entries: 262144 (order: 9, 2097152 bytes, linear)
Jun 06 02:04:25 tegra-ubuntu kernel: tcp_listen_portaddr_hash hash table entries: 16384 (order: 8, 1048576 bytes, linear)
Jun 06 02:04:25 tegra-ubuntu kernel: TCP established hash table entries: 262144 (order: 9, 2097152 bytes, linear)
Jun 06 02:04:25 tegra-ubuntu kernel: TCP bind hash table entries: 65536 (order: 9, 3670016 bytes, linear)
Jun 06 02:04:25 tegra-ubuntu kernel: TCP: Hash tables configured (established 262144 bind 65536)
Jun 06 02:04:25 tegra-ubuntu kernel: UDP hash table entries: 16384 (order: 9, 2097152 bytes, linear)
Jun 06 02:04:25 tegra-ubuntu kernel: UDP-Lite hash table entries: 16384 (order: 9, 2097152 bytes, linear)

Jun 06 02:04:25 tegra-ubuntu kernel: NET: Registered protocol family 1
Jun 06 02:04:25 tegra-ubuntu kernel: NET: Registered protocol family 38

Jun 06 02:04:25 tegra-ubuntu kernel: e1000e: Intel(R) PRO/1000 Network Driver
Jun 06 02:04:25 tegra-ubuntu kernel: e1000e: Copyright(c) 1999 - 2015 Intel Corporation.
Jun 06 02:04:25 tegra-ubuntu kernel: Initializing XFRM netlink socket

Jun 06 02:04:25 tegra-ubuntu kernel: NET: Registered protocol family 10
Jun 06 02:04:25 tegra-ubuntu kernel: Segment Routing with IPv6
Jun 06 02:04:25 tegra-ubuntu kernel: NET: Registered protocol family 17
Jun 06 02:04:25 tegra-ubuntu kernel: NET: Registered protocol family 15


Jun 06 02:04:25 tegra-ubuntu kernel: bridge: filtering via arp/ip/ip6tables is no longer available by default. Update your scripts to load br_netfilter if you need this.
(桥接防火墙 https://blog.csdn.net/gengzhikui1992/article/details/70213298)



Jun 06 02:04:25 tegra-ubuntu kernel: nvethernet 2310000.ethernet: Adding to iommu group 29
Jun 06 02:04:25 tegra-ubuntu kernel: nvethernet 2310000.ethernet: failed to read MDIO address
Jun 06 02:04:25 tegra-ubuntu kernel: nvethernet 2310000.ethernet: setting to default DMA bit mask
Jun 06 02:04:25 tegra-ubuntu kernel: nvethernet 2310000.ethernet: Failed to reserve ivc channel:426
Jun 06 02:04:25 tegra-ubuntu kernel: nvethernet 2310000.ethernet: max-platform-mtu DT entry missing, setting default 1500
Jun 06 02:04:25 tegra-ubuntu kernel: nvethernet 2310000.ethernet: failed to get phy reset gpio error: -2
Jun 06 02:04:25 tegra-ubuntu kernel: nvethernet 2310000.ethernet: Ethernet MAC address: 70:b3:d5:20:ff:21
Jun 06 02:04:25 tegra-ubuntu kernel: -->macsec_probe()
Jun 06 02:04:25 tegra-ubuntu kernel: -->macsec_get_platform_res()
Jun 06 02:04:25 tegra-ubuntu kernel: <--macsec_get_platform_res()
Jun 06 02:04:25 tegra-ubuntu kernel: -->macsec_enable_car()
Jun 06 02:04:25 tegra-ubuntu kernel: <--macsec_enable_car()
Jun 06 02:04:25 tegra-ubuntu kernel: <--macsec_probe()
Jun 06 02:04:25 tegra-ubuntu kernel: nvethernet 2310000.ethernet: Macsec not enabled
Jun 06 02:04:25 tegra-ubuntu kernel: nvethernet 2310000.ethernet: Macsec: Reduced MTU: 1466 Max: 1500
Jun 06 02:04:25 tegra-ubuntu kernel: nvethernet 2310000.ethernet: eqos_0 (HW ver: 53) created with 8 DMA channels

Jun 06 02:04:25 tegra-ubuntu kernel: nvethernet 6810000.ethernet: Adding to iommu group 30
Jun 06 02:04:25 tegra-ubuntu kernel: nvethernet 6810000.ethernet: failed to read MDIO address
Jun 06 02:04:25 tegra-ubuntu kernel: nvethernet 6810000.ethernet: setting to default DMA bit mask
Jun 06 02:04:25 tegra-ubuntu kernel: nvethernet 6810000.ethernet: Failed to reserve ivc channel:428
Jun 06 02:04:25 tegra-ubuntu kernel: nvethernet 6810000.ethernet: failed to get phy reset gpio error: -2
Jun 06 02:04:25 tegra-ubuntu kernel: nvethernet 6810000.ethernet: Ethernet MAC address: 70:b3:d5:20:00:21
Jun 06 02:04:25 tegra-ubuntu kernel: -->macsec_probe()
Jun 06 02:04:25 tegra-ubuntu kernel: -->macsec_get_platform_res()
Jun 06 02:04:25 tegra-ubuntu kernel: <--macsec_get_platform_res()
Jun 06 02:04:25 tegra-ubuntu kernel: -->macsec_enable_car()
Jun 06 02:04:25 tegra-ubuntu kernel: <--macsec_enable_car()
Jun 06 02:04:25 tegra-ubuntu kernel: <--macsec_probe()
Jun 06 02:04:25 tegra-ubuntu kernel: nvethernet 6810000.ethernet: Macsec not enabled
Jun 06 02:04:25 tegra-ubuntu kernel: nvethernet 6810000.ethernet: Macsec: Reduced MTU: 1466 Max: 9000
Jun 06 02:04:25 tegra-ubuntu kernel: nvethernet 6810000.ethernet: mgbe0_0 (HW ver: 31) created with 10 DMA channels

Jun 06 02:04:25 tegra-ubuntu kernel: nvethernet 6910000.ethernet: Adding to iommu group 31
Jun 06 02:04:25 tegra-ubuntu kernel: nvethernet 6910000.ethernet: failed to read MDIO address
Jun 06 02:04:25 tegra-ubuntu kernel: nvethernet 6910000.ethernet: setting to default DMA bit mask
Jun 06 02:04:25 tegra-ubuntu kernel: nvethernet 6910000.ethernet: Failed to reserve ivc channel:429
Jun 06 02:04:25 tegra-ubuntu kernel: nvethernet 6910000.ethernet: failed to get phy reset gpio error: -2
Jun 06 02:04:25 tegra-ubuntu kernel: nvethernet 6910000.ethernet: Ethernet MAC address: 70:b3:d5:20:01:21
Jun 06 02:04:25 tegra-ubuntu kernel: -->macsec_probe()
Jun 06 02:04:25 tegra-ubuntu kernel: -->macsec_get_platform_res()
Jun 06 02:04:25 tegra-ubuntu kernel: <--macsec_get_platform_res()
Jun 06 02:04:25 tegra-ubuntu kernel: -->macsec_enable_car()
Jun 06 02:04:25 tegra-ubuntu kernel: <--macsec_enable_car()
Jun 06 02:04:25 tegra-ubuntu kernel: <--macsec_probe()
Jun 06 02:04:25 tegra-ubuntu kernel: nvethernet 6910000.ethernet: Macsec not enabled
Jun 06 02:04:25 tegra-ubuntu kernel: nvethernet 6910000.ethernet: Macsec: Reduced MTU: 1466 Max: 9000
Jun 06 02:04:25 tegra-ubuntu kernel: nvethernet 6910000.ethernet: mgbe1_0 (HW ver: 31) created with 10 DMA channels

Jun 06 02:04:25 tegra-ubuntu kernel: nvethernet 6a10000.ethernet: Adding to iommu group 32
Jun 06 02:04:25 tegra-ubuntu kernel: nvethernet 6a10000.ethernet: failed to read MDIO address
Jun 06 02:04:25 tegra-ubuntu kernel: nvethernet 6a10000.ethernet: setting to default DMA bit mask
Jun 06 02:04:25 tegra-ubuntu kernel: nvethernet 6a10000.ethernet: Failed to reserve ivc channel:430
Jun 06 02:04:25 tegra-ubuntu kernel: nvethernet 6a10000.ethernet: failed to get phy reset gpio error: -2
Jun 06 02:04:25 tegra-ubuntu kernel: nvethernet 6a10000.ethernet: Ethernet MAC address: 70:b3:d5:20:02:21
Jun 06 02:04:25 tegra-ubuntu kernel: -->macsec_probe()
Jun 06 02:04:25 tegra-ubuntu kernel: -->macsec_get_platform_res()
Jun 06 02:04:25 tegra-ubuntu kernel: <--macsec_get_platform_res()
Jun 06 02:04:25 tegra-ubuntu kernel: -->macsec_enable_car()
Jun 06 02:04:25 tegra-ubuntu kernel: <--macsec_enable_car()
Jun 06 02:04:25 tegra-ubuntu kernel: <--macsec_probe()
Jun 06 02:04:25 tegra-ubuntu kernel: nvethernet 6a10000.ethernet: Macsec not enabled
Jun 06 02:04:25 tegra-ubuntu kernel: nvethernet 6a10000.ethernet: Macsec: Reduced MTU: 1466 Max: 9000
Jun 06 02:04:25 tegra-ubuntu kernel: nvethernet 6a10000.ethernet: mgbe2_0 (HW ver: 31) created with 10 DMA channels

Jun 06 02:04:25 tegra-ubuntu kernel: nvethernet 6b10000.ethernet: Adding to iommu group 33
Jun 06 02:04:25 tegra-ubuntu kernel: nvethernet 6b10000.ethernet: failed to read MDIO address
Jun 06 02:04:25 tegra-ubuntu kernel: nvethernet 6b10000.ethernet: setting to default DMA bit mask
Jun 06 02:04:25 tegra-ubuntu kernel: nvethernet 6b10000.ethernet: Failed to reserve ivc channel:431
Jun 06 02:04:25 tegra-ubuntu kernel: nvethernet 6b10000.ethernet: failed to get phy reset gpio error: -2
Jun 06 02:04:25 tegra-ubuntu kernel: nvethernet 6b10000.ethernet: Ethernet MAC address: 70:b3:d5:20:03:21
Jun 06 02:04:25 tegra-ubuntu kernel: -->macsec_probe()
Jun 06 02:04:25 tegra-ubuntu kernel: -->macsec_get_platform_res()
Jun 06 02:04:25 tegra-ubuntu kernel: <--macsec_get_platform_res()
Jun 06 02:04:25 tegra-ubuntu kernel: -->macsec_enable_car()
Jun 06 02:04:25 tegra-ubuntu kernel: <--macsec_enable_car()
Jun 06 02:04:25 tegra-ubuntu kernel: <--macsec_probe()
Jun 06 02:04:25 tegra-ubuntu kernel: nvethernet 6b10000.ethernet: Macsec not enabled
Jun 06 02:04:25 tegra-ubuntu kernel: nvethernet 6b10000.ethernet: Macsec: Reduced MTU: 1466 Max: 9000
Jun 06 02:04:25 tegra-ubuntu kernel: nvethernet 6b10000.ethernet: mgbe3_0 (HW ver: 31) created with 10 DMA channels



Jun 06 02:04:26 tegra-ubuntu kernel: nvethernet 2310000.ethernet eqos_0: ether_get_wol: phydev is null check iface up status
Jun 06 02:04:26 tegra-ubuntu kernel: nvethernet 2310000.ethernet eth1: renamed from eqos_0
Jun 06 02:04:26 tegra-ubuntu kernel: nvethernet 2310000.ethernet eth1: ether_get_wol: phydev is null check iface up status

Jun 06 02:04:26 tegra-ubuntu kernel: nvethernet 6810000.ethernet mgbe0_0: ether_get_wol: phydev is null check iface up status
Jun 06 02:04:26 tegra-ubuntu kernel: nvethernet 6810000.ethernet mgbe0_0: Macsec: Reduced MTU: 8966 Max: 9000
Jun 06 02:04:26 tegra-ubuntu kernel: nvethernet 6810000.ethernet eth0: renamed from mgbe0_0

Jun 06 02:04:26 tegra-ubuntu kernel: nvethernet 6910000.ethernet mgbe1_0: ether_get_wol: phydev is null check iface up status

Jun 06 02:04:26 tegra-ubuntu kernel: nvethernet 6b10000.ethernet mgbe3_0: ether_get_wol: phydev is null check iface up status

Jun 06 02:04:26 tegra-ubuntu kernel: nvethernet 6a10000.ethernet mgbe2_0: ether_get_wol: phydev is null check iface up status


Jun 06 02:04:26 tegra-ubuntu systemd-sysctl[796]: Not setting net/ipv4/conf/all/promote_secondaries (explicit setting exists).
Jun 06 02:04:26 tegra-ubuntu systemd-sysctl[796]: Not setting net/ipv4/conf/default/promote_secondaries (explicit setting exists).


Jun 06 02:04:26 tegra-ubuntu kernel: nvethernet 6910000.ethernet mgbe1_0: Macsec: Reduced MTU: 8966 Max: 9000
Jun 06 02:04:26 tegra-ubuntu kernel: nvethernet 6910000.ethernet eth2: renamed from mgbe1_0
Jun 06 02:04:26 tegra-ubuntu kernel: nvethernet 6b10000.ethernet eth4: renamed from mgbe3_0
Jun 06 02:04:26 tegra-ubuntu kernel: nvethernet 6a10000.ethernet eth3: renamed from mgbe2_0
Jun 06 02:04:26 tegra-ubuntu kernel: nvethernet 6810000.ethernet eth0: ether_get_wol: phydev is null check iface up status
Jun 06 02:04:26 tegra-ubuntu kernel: nvethernet 6810000.ethernet eth0: Macsec: Reduced MTU: 8966 Max: 9000
Jun 06 02:04:26 tegra-ubuntu kernel: nvethernet 6910000.ethernet eth2: ether_get_wol: phydev is null check iface up status
Jun 06 02:04:26 tegra-ubuntu kernel: nvethernet 6910000.ethernet eth2: Macsec: Reduced MTU: 8966 Max: 9000
Jun 06 02:04:26 tegra-ubuntu kernel: nvethernet 6b10000.ethernet eth4: ether_get_wol: phydev is null check iface up status
Jun 06 02:04:26 tegra-ubuntu kernel: nvethernet 6a10000.ethernet eth3: ether_get_wol: phydev is null check iface up status

Jun 06 02:04:27 tegra-ubuntu systemd[1]: Found device /sys/subsystem/net/devices/eth0.
Jun 06 02:04:27 tegra-ubuntu systemd[1]: Starting Network Service...
Jun 06 02:04:27 tegra-ubuntu systemd[1]: Started Network Service.

Jun 06 02:04:27 tegra-ubuntu systemd-networkd[946]: eth0: Interface name change detected, eth0 has been renamed to mgbe0_0.
Jun 06 02:04:27 tegra-ubuntu systemd-networkd[946]: mgbe0_0: Interface name change detected, mgbe0_0 has been renamed to eth0.
Jun 06 02:04:27 tegra-ubuntu systemd-networkd[946]: eth2: Interface name change detected, eth2 has been renamed to mgbe1_0.
Jun 06 02:04:27 tegra-ubuntu systemd-networkd[946]: mgbe1_0: Interface name change detected, mgbe1_0 has been renamed to eth2.

Jun 06 02:04:27 tegra-ubuntu systemd-networkd[946]: eth4: IPv6 successfully enabled
Jun 06 02:04:27 tegra-ubuntu systemd-networkd[946]: eth3: IPv6 successfully enabled
Jun 06 02:04:27 tegra-ubuntu systemd-networkd[946]: eth1: IPv6 successfully enabled
Jun 06 02:04:27 tegra-ubuntu systemd-networkd[946]: eth0: IPv6 successfully enabled

Jun 06 02:04:27 tegra-ubuntu systemd[1]: Starting Wait for Network to be Configured...
Jun 06 02:04:27 tegra-ubuntu systemd-networkd[946]: eth2: IPv6 successfully enabled

Jun 06 02:04:27 tegra-ubuntu kernel: nvethernet 6810000.ethernet eth0: Macsec: Reduced MTU: 8966 Max: 9000
Jun 06 02:04:27 tegra-ubuntu kernel: nvethernet 6910000.ethernet eth2: Macsec: Reduced MTU: 8966 Max: 9000

Jun 06 02:04:27 tegra-ubuntu systemd[1]: Starting Network Name Resolution...
Jun 06 02:04:27 tegra-ubuntu kernel: nvethernet 6b10000.ethernet eth4: Link is Up - 10Gbps/Full - flow control off
Jun 06 02:04:27 tegra-ubuntu kernel: nvethernet 6a10000.ethernet eth3: Link is Up - 10Gbps/Full - flow contrnv_nvsciipc_initol off

Jun 06 02:04:27 tegra-ubuntu ifconfig[1015]: enP4p1s0: ERROR while getting interface flags: No such device

Jun 06 02:04:27 tegra-ubuntu systemd[1]: Starting Login Service...
Jun 06 02:04:27 tegra-ubuntu systemd[1]: Starting Mount NIO EMMC...


Jun 06 02:04:27 tegra-ubuntu kernel: nvethernet 2310000.ethernet eth1: Link is Up - 1Gbps/Full - flow control off

Jun 06 02:04:27 tegra-ubuntu systemd[1]: Started LSB: Record successful boot for GRUB.
Jun 06 02:04:27 tegra-ubuntu systemd[1]: nv_tzvault_daemon@common-server-testapp.service: Succeeded.

Jun 06 02:04:27 tegra-ubuntu kernel: nvethernet 6810000.ethernet eth0: Link is Up - 10Gbps/Full - flow control off
Jun 06 02:04:27 tegra-ubuntu systemd-networkd[946]: eth4: Link UP
Jun 06 02:04:27 tegra-ubuntu systemd[1]: Started Login Service.
Jun 06 02:04:27 tegra-ubuntu systemd[1]: Finished Wait for Network to be Configured.

Jun 06 02:04:27 tegra-ubuntu kernel: nvethernet 6910000.ethernet eth2: Link is Up - 10Gbps/Full - flow control off

Jun 06 02:04:27 tegra-ubuntu systemd[1]: Started Network Name Resolution.
Jun 06 02:04:27 tegra-ubuntu systemd[1]: Reached target Network.
Jun 06 02:04:27 tegra-ubuntu systemd[1]: Reached target Network is Online.
Jun 06 02:04:27 tegra-ubuntu systemd[1]: Reached target Host and Network Name Lookups.
Jun 06 02:04:27 tegra-ubuntu systemd[1]: Starting configure nio_vlan...
Jun 06 02:04:27 tegra-ubuntu systemd-networkd[946]: eth4: Gained carrier
Jun 06 02:04:27 tegra-ubuntu systemd-networkd[946]: eth3: Link UP
Jun 06 02:04:27 tegra-ubuntu systemd-networkd[946]: eth3: Gained carrier
Jun 06 02:04:27 tegra-ubuntu systemd-networkd[946]: eth1: Link UP

Jun 06 02:04:27 tegra-ubuntu nio_vlan[1341]: ● systemd-networkd.service - Network Service
Jun 06 02:04:27 tegra-ubuntu nio_vlan[1341]:      CGroup: /system.slice/systemd-networkd.service
Jun 06 02:04:27 tegra-ubuntu nio_vlan[1341]:              └─946 /lib/systemd/systemd-networkd

Jun 06 02:04:27 tegra-ubuntu nio_vlan[1448]: ● systemd-networkd.service - Network Service
Jun 06 02:04:27 tegra-ubuntu nio_vlan[1448]:      CGroup: /system.slice/systemd-networkd.service
Jun 06 02:04:27 tegra-ubuntu nio_vlan[1448]:              └─946 /lib/systemd/systemd-networkd

Jun 06 02:04:27 tegra-ubuntu nio_vlan[1337]: Configure vlan

Jun 06 02:04:27 tegra-ubuntu sudo[1476]:     root : TTY=unknown ; PWD=/ ; USER=root ; COMMAND=/usr/sbin/ip link add link eth1 name eth1.10 type vlan id 10
Jun 06 02:04:27 tegra-ubuntu systemd-networkd[946]: eth1: Gained carrier
Jun 06 02:04:27 tegra-ubuntu systemd-networkd[946]: eth0: Link UP
Jun 06 02:04:27 tegra-ubuntu systemd[1]: Started OpenBSD Secure Shell server.
Jun 06 02:04:27 tegra-ubuntu sudo[1510]:     root : TTY=unknown ; PWD=/ ; USER=root ; COMMAND=/usr/sbin/ip addr add 172.20.1.21/24 brd 172.20.1.255 dev eth1.10

Jun 06 02:04:27 tegra-ubuntu kernel: 8021q: 802.1Q VLAN Support v1.8
Jun 06 02:04:27 tegra-ubuntu kernel: 8021q: adding VLAN 0 to HW filter on device eth1
Jun 06 02:04:27 tegra-ubuntu kernel: 8021q: adding VLAN 0 to HW filter on device eth0
Jun 06 02:04:27 tegra-ubuntu kernel: 8021q: adding VLAN 0 to HW filter on device eth2
Jun 06 02:04:27 tegra-ubuntu kernel: 8021q: adding VLAN 0 to HW filter on device eth3
Jun 06 02:04:27 tegra-ubuntu kernel: 8021q: adding VLAN 0 to HW filter on device eth4

Jun 06 02:04:27 tegra-ubuntu sudo[1520]:     root : TTY=unknown ; PWD=/ ; USER=root ; COMMAND=/usr/sbin/ip link set dev eth1.10 up
Jun 06 02:04:27 tegra-ubuntu systemd-networkd[946]: eth0: Gained carrier
Jun 06 02:04:27 tegra-ubuntu systemd-networkd[946]: eth2: Link UP

Jun 06 02:04:27 tegra-ubuntu sudo[1532]:     root : TTY=unknown ; PWD=/ ; USER=root ; COMMAND=/usr/sbin/ip link add link eth1 name eth1.20 type vlan id 20
Jun 06 02:04:27 tegra-ubuntu sudo[1542]:     root : TTY=unknown ; PWD=/ ; USER=root ; COMMAND=/usr/sbin/ip addr add 172.20.2.21/24 brd 172.20.1.255 dev eth1.20
Jun 06 02:04:27 tegra-ubuntu sudo[1552]:     root : TTY=unknown ; PWD=/ ; USER=root ; COMMAND=/usr/sbin/ip link set dev eth1.20 up
Jun 06 02:04:27 tegra-ubuntu sudo[1568]:     root : TTY=unknown ; PWD=/ ; USER=root ; COMMAND=/usr/sbin/ip link add link eth1 name eth1.30 type vlan id 30
Jun 06 02:04:27 tegra-ubuntu sudo[1567]:     root : TTY=unknown ; PWD=/ ; USER=root ; COMMAND=/usr/bin/rm -rvf /mnt/model
Jun 06 02:04:27 tegra-ubuntu systemd-networkd[946]: eth2: Gained carrier
Jun 06 02:04:27 tegra-ubuntu systemd-networkd[946]: eth1.10: Link UP
Jun 06 02:04:27 tegra-ubuntu systemd-networkd[946]: eth1.10: Gained carrier
Jun 06 02:04:27 tegra-ubuntu systemd-networkd[946]: eth1.20: Link UP
Jun 06 02:04:27 tegra-ubuntu systemd-networkd[946]: eth1.20: Gained carrier
Jun 06 02:04:27 tegra-ubuntu sudo[1581]:     root : TTY=unknown ; PWD=/ ; USER=root ; COMMAND=/usr/bin/mkdir -p /mnt/model
Jun 06 02:04:27 tegra-ubuntu sudo[1583]:     root : TTY=unknown ; PWD=/ ; USER=root ; COMMAND=/usr/sbin/ip addr add 172.20.3.21/24 brd 172.20.1.255 dev eth1.30
Jun 06 02:04:27 tegra-ubuntu sudo[1598]:     root : TTY=unknown ; PWD=/ ; USER=root ; COMMAND=/usr/sbin/ip link set dev eth1.30 up
Jun 06 02:04:27 tegra-ubuntu systemd-networkd[946]: eth1.30: Link UP
Jun 06 02:04:27 tegra-ubuntu systemd-networkd[946]: eth1.30: Gained carrier
Jun 06 02:04:27 tegra-ubuntu sudo[1609]:     root : TTY=unknown ; PWD=/ ; USER=root ; COMMAND=/usr/sbin/ip link add link eth1 name eth1.40 type vlan id 40
Jun 06 02:04:27 tegra-ubuntu sudo[1616]:     root : TTY=unknown ; PWD=/ ; USER=root ; COMMAND=/usr/sbin/ip addr add 172.20.4.21/24 brd 172.20.1.255 dev eth1.40
Jun 06 02:04:27 tegra-ubuntu sudo[1621]:     root : TTY=unknown ; PWD=/ ; USER=root ; COMMAND=/usr/sbin/ip link set dev eth1.40 up
Jun 06 02:04:27 tegra-ubuntu systemd-networkd[946]: eth1.40: Link UP
Jun 06 02:04:27 tegra-ubuntu systemd-networkd[946]: eth1.40: Gained carrier
Jun 06 02:04:27 tegra-ubuntu sudo[1633]:     root : TTY=unknown ; PWD=/ ; USER=root ; COMMAND=/usr/sbin/ip link add link eth1 name eth1.50 type vlan id 50
Jun 06 02:04:27 tegra-ubuntu sudo[1638]:     root : TTY=unknown ; PWD=/ ; USER=root ; COMMAND=/usr/sbin/ip addr add 172.20.5.21/24 brd 172.20.1.255 dev eth1.50
Jun 06 02:04:28 tegra-ubuntu sudo[1648]:     root : TTY=unknown ; PWD=/ ; USER=root ; COMMAND=/usr/sbin/ip link set dev eth1.50 up
Jun 06 02:04:28 tegra-ubuntu systemd-networkd[946]: eth1.50: Link UP
Jun 06 02:04:28 tegra-ubuntu systemd-networkd[946]: eth1.50: Gained carrier
Jun 06 02:04:28 tegra-ubuntu sudo[1657]:     root : TTY=unknown ; PWD=/ ; USER=root ; COMMAND=/usr/sbin/ip link add link eth1 name eth1.200 type vlan id 200
Jun 06 02:04:28 tegra-ubuntu sudo[1660]:     root : TTY=unknown ; PWD=/ ; USER=root ; COMMAND=/usr/sbin/ip addr add 172.20.20.21/24 brd 172.20.1.255 dev eth1.200
Jun 06 02:04:28 tegra-ubuntu sudo[1665]:     root : TTY=unknown ; PWD=/ ; USER=root ; COMMAND=/usr/sbin/ip link set dev eth1.200 up
Jun 06 02:04:28 tegra-ubuntu systemd-networkd[946]: eth1.200: Link UP
Jun 06 02:04:28 tegra-ubuntu systemd-networkd[946]: eth1.200: Gained carrier

Jun 06 02:04:28 tegra-ubuntu sudo[1667]:     root : TTY=unknown ; PWD=/ ; USER=root ; COMMAND=/usr/sbin/ethtool -K eth1.40 tso off
Jun 06 02:04:28 tegra-ubuntu sudo[1671]:     root : TTY=unknown ; PWD=/ ; USER=root ; COMMAND=/usr/bin/chown -R mazu:mazu /mnt/model
Jun 06 02:04:28 tegra-ubuntu sudo[1675]:     root : TTY=unknown ; PWD=/ ; USER=root ; COMMAND=/usr/sbin/ethtool -K eth1.30 tso off
Jun 06 02:04:28 tegra-ubuntu sudo[1677]:     root : TTY=unknown ; PWD=/ ; USER=root ; COMMAND=/usr/sbin/ip addr add 172.20.1.29/24 brd 172.20.1.255 dev eth1.10
Jun 06 02:04:28 tegra-ubuntu sudo[1683]:     root : TTY=unknown ; PWD=/ ; USER=root ; COMMAND=/usr/sbin/route add -net 10.0.0.0 netmask 255.0.0.0 gw 172.20.3.31
Jun 06 02:04:28 tegra-ubuntu sudo[1685]:     root : TTY=unknown ; PWD=/ ; USER=root ; COMMAND=/usr/sbin/route add -net 0.0.0.0 netmask 0.0.0.0 gw 172.20.4.31
Jun 06 02:04:28 tegra-ubuntu sudo[1687]:     root : TTY=unknown ; PWD=/ ; USER=root ; COMMAND=/usr/sbin/route add -host 239.192.255.251 dev eth1.20
Jun 06 02:04:28 tegra-ubuntu sudo[1692]:     root : TTY=unknown ; PWD=/ ; USER=root ; COMMAND=/usr/bin/systemd-resolve --interface=eth1.30 --set-dns=172.20.3.31
Jun 06 02:04:28 tegra-ubuntu sudo[1694]:     root : TTY=unknown ; PWD=/ ; USER=root ; COMMAND=/usr/bin/systemd-resolve --interface=eth1.40 --set-dns=172.20.4.31
Jun 06 02:04:28 tegra-ubuntu sudo[1698]:     root : TTY=unknown ; PWD=/ ; USER=root ; COMMAND=/usr/sbin/iptables -t nat -A PREROUTING -p tcp -d 172.20.1.29 --dport 13400 -j DNAT --to-destination 10.42.0.91
Jun 06 02:04:28 tegra-ubuntu sudo[1702]:     root : TTY=unknown ; PWD=/ ; USER=root ; COMMAND=/usr/sbin/iptables -t nat -A PREROUTING -p udp -d 172.20.1.29 --dport 13400 -j DNAT --to-destination 10.42.0.91
Jun 06 02:04:28 tegra-ubuntu sudo[1704]:     root : TTY=unknown ; PWD=/ ; USER=root ; COMMAND=/usr/sbin/iptables -t nat -A PREROUTING -p tcp -d 172.20.1.29 --dport 8010 -j DNAT --to-destination 10.42.0.91
Jun 06 02:04:28 tegra-ubuntu sudo[1706]:     root : TTY=unknown ; PWD=/ ; USER=root ; COMMAND=/usr/sbin/iptables -t nat -A PREROUTING -p tcp -d 172.20.1.29 --dport 8675 -j DNAT --to-destination 10.42.0.91
Jun 06 02:04:28 tegra-ubuntu sudo[1708]:     root : TTY=unknown ; PWD=/ ; USER=root ; COMMAND=/usr/sbin/iptables -t nat -A POSTROUTING -d 10.42.0.91 -j SNAT --to-source 10.42.0.21
Jun 06 02:04:28 tegra-ubuntu systemd[1]: nio_vlan.service: Succeeded.
Jun 06 02:04:28 tegra-ubuntu systemd[1]: Started configure nio_vlan.
Jun 06 02:04:28 tegra-ubuntu systemd-networkd[946]: eth4: Gained IPv6LL
Jun 06 02:04:28 tegra-ubuntu systemd-networkd[946]: eth2: Gained IPv6LL
Jun 06 02:04:28 tegra-ubuntu systemd-networkd[946]: eth0: Gained IPv6LL
Jun 06 02:04:29 tegra-ubuntu systemd-networkd[946]: eth1.40: Gained IPv6LL
Jun 06 02:04:29 tegra-ubuntu systemd-networkd[946]: eth3: Gained IPv6LL
Jun 06 02:04:29 tegra-ubuntu systemd-networkd[946]: eth1.30: Gained IPv6LL
Jun 06 02:04:29 tegra-ubuntu systemd-networkd[946]: eth1.10: Gained IPv6LL
Jun 06 02:04:29 tegra-ubuntu systemd-networkd[946]: eth1: Gained IPv6LL
Jun 06 02:04:29 tegra-ubuntu systemd-networkd[946]: eth1.50: Gained IPv6LL
Jun 06 02:04:29 tegra-ubuntu systemd[1]: Starting Network Time Service...
Jun 06 02:04:29 tegra-ubuntu systemd[1]: Started Network Time Service.
Jun 06 02:04:29 tegra-ubuntu systemd-networkd[946]: eth1.200: Gained IPv6LL
Jun 06 02:04:29 tegra-ubuntu systemd-networkd[946]: eth1.20: Gained IPv6LL


Jun 06 02:04:30 tegra-ubuntu kernel: nvethernet 6810000.ethernet: config.flags = 0x0, tx_type = 0x1,rx_filter = 0xc

Jun 06 06:34:54 tegra-ubuntu systemd[790429]: Closed GnuPG network certificate management daemon.
Jun 06 06:34:56 tegra-ubuntu systemd[48005]: Listening on GnuPG network certificate management daemon.
Jun 06 06:40:04 tegra-ubuntu systemd[48005]: Closed GnuPG network certificate management daemon.
Jun 06 06:48:40 tegra-ubuntu systemd[263499]: Listening on GnuPG network certificate management daemon.
Jun 06 07:29:39 tegra-ubuntu systemd[263499]: Closed GnuPG network certificate management daemon.
Jun 06 07:32:41 tegra-ubuntu systemd[953011]: Listening on GnuPG network certificate management daemon.





