Info: Server started with pid 9618 on Wed Dec  8 21:13:55 2021.
Info: Listening for connections on any interface on port 4000.
Info: Accepting connections from any host with encryption enabled.
Info: Server with pid 9618 terminated by signal 15 on Wed Dec  8 21:18:19 2021.
Info: Server started with pid 14038 on Wed Dec  8 21:18:21 2021.
Info: Listening for connections on any interface on port 4000.
Info: Accepting connections from any host with encryption enabled.
Info: Server with pid 14038 terminated by signal 15 on Thu Dec  9 09:18:08 2021.
Info: Server started with pid 175569 on Thu Dec  9 09:18:08 2021.
Info: Listening for connections on any interface on port 1933.
Info: Accepting connections from any host with encryption enabled.
Info: Server with pid 175569 terminated by signal 15 on Thu Dec  9 09:18:50 2021.
Info: Server started with pid 176096 on Thu Dec  9 09:18:50 2021.
Info: Listening for connections on any interface on port 1933.
Info: Accepting connections from any host with encryption enabled.
Info: Connection from 10.110.44.130 port 49756 accepted on Thu Dec  9 09:19:19 2021.
Info: Connection from 10.110.44.130 port 49756 process 176233 started on Thu Dec  9 09:19:19 2021.
Info: Connection from 10.110.44.130 port 49756 process 176233 closed on Thu Dec  9 09:40:40 2021.
Info: Connection from 10.110.44.130 port 50092 accepted on Thu Dec  9 10:09:40 2021.
Info: Connection from 10.110.44.130 port 50092 process 189922 started on Thu Dec  9 10:09:40 2021.
Info: Connection from 10.110.44.130 port 50092 process 189922 closed on Thu Dec  9 10:25:54 2021.
Info: Server with pid 176096 terminated by signal 15 on Thu Dec  9 15:55:22 2021.
Info: Server started with pid 1382 on Thu Dec  9 15:55:59 2021.
Info: Listening for connections on any interface on port 1933.
Info: Accepting connections from any host with encryption enabled.
Info: Server with pid 1382 terminated by signal 15 on Thu Dec  9 16:47:51 2021.
Info: Server started with pid 2368 on Thu Dec  9 16:48:43 2021.
Info: Listening for connections on any interface on port 1933.
Info: Accepting connections from any host with encryption enabled.
Info: Server started with pid 1241 on Thu Dec  9 16:50:45 2021.
Info: Listening for connections on any interface on port 1933.
Info: Accepting connections from any host with encryption enabled.
Info: Listening for connections on any interface on port 1933.
Info: Accepting connections from any host with encryption enabled.
Info: Server with pid 1498 terminated by signal 15 on Thu Dec  9 17:01:28 2021.
Info: Server started with pid 1280 on Thu Dec  9 17:02:05 2021.
Info: Listening for connections on any interface on port 1933.
Info: Accepting connections from any host with encryption enabled.
Info: Server with pid 1280 terminated by signal 15 on Thu Dec  9 17:04:44 2021.
Info: Server started with pid 1503 on Thu Dec  9 17:05:22 2021.
Info: Listening for connections on any interface on port 1933.
Info: Accepting connections from any host with encryption enabled.
Info: Server with pid 1503 terminated by signal 15 on Thu Dec  9 17:17:44 2021.
Info: Server started with pid 1509 on Thu Dec  9 17:18:25 2021.
Info: Listening for connections on any interface on port 1933.
Info: Accepting connections from any host with encryption enabled.
Info: Server with pid 1509 terminated by signal 15 on Thu Dec  9 17:22:04 2021.
Info: Server started with pid 1438 on Thu Dec  9 17:22:37 2021.
Info: Listening for connections on any interface on port 1933.
Info: Accepting connections from any host with encryption enabled.
Info: Server with pid 1438 terminated by signal 15 on Thu Dec  9 17:23:34 2021.
Info: Server started with pid 2091 on Thu Dec  9 17:24:12 2021.
Info: Listening for connections on any interface on port 1933.
Info: Accepting connections from any host with encryption enabled.
Info: Server with pid 2091 terminated by signal 15 on Thu Dec  9 17:32:22 2021.
Info: Server started with pid 1292 on Thu Dec  9 17:32:58 2021.
Info: Listening for connections on any interface on port 1933.
Info: Accepting connections from any host with encryption enabled.
Info: Connection from 10.110.44.130 port 55000 accepted on Thu Dec  9 19:32:12 2021.
Info: Connection from 10.110.44.130 port 55000 process 46370 started on Thu Dec  9 19:32:12 2021.
Info: Connection from 10.110.44.130 port 55000 process 46370 closed on Thu Dec  9 19:32:31 2021.
Info: Server with pid 1292 terminated by signal 15 on Thu Dec  9 19:41:04 2021.
Info: Server started with pid 52246 on Thu Dec  9 19:41:05 2021.
Info: Listening for connections on any interface on port 1933.
Info: Accepting connections from any host with encryption enabled.
Info: Connection from 10.110.220.49 port 14213 accepted on Thu Dec  9 20:25:46 2021.
Info: Connection from 10.110.220.49 port 14213 process 62302 started on Thu Dec  9 20:25:46 2021.
Info: Connection from 10.110.220.49 port 14213 process 62302 closed on Thu Dec  9 23:54:04 2021.
Info: Connection from 10.110.44.130 port 62074 accepted on Fri Dec 10 13:05:41 2021.
Info: Connection from 10.110.44.130 port 62074 process 243989 started on Fri Dec 10 13:05:41 2021.
Info: Connection from 10.110.44.130 port 50487 accepted on Fri Dec 10 13:36:21 2021.
Info: Connection from 10.110.44.130 port 50487 process 248435 started on Fri Dec 10 13:36:21 2021.
Info: Connection from 10.110.44.130 port 62074 process 243989 closed on Fri Dec 10 13:36:25 2021.
Info: Connection from 10.110.44.130 port 52995 accepted on Fri Dec 10 14:11:55 2021.
Info: Connection from 10.110.44.130 port 52995 process 255616 started on Fri Dec 10 14:11:55 2021.
Info: Connection from 10.110.44.130 port 50487 process 248435 closed on Fri Dec 10 14:11:59 2021.
Info: Connection from 10.110.44.130 port 53877 accepted on Fri Dec 10 14:38:45 2021.
Info: Connection from 10.110.44.130 port 53877 process 259596 started on Fri Dec 10 14:38:45 2021.
Info: Connection from 10.110.44.130 port 52995 process 255616 closed on Fri Dec 10 14:38:50 2021.
Info: Connection from 10.110.211.194 port 13785 accepted on Fri Dec 10 20:32:21 2021.
Info: Connection from 10.110.211.194 port 13785 process 329874 started on Fri Dec 10 20:32:21 2021.
Info: Connection from 10.110.211.194 port 13785 process 329874 closed on Fri Dec 10 20:35:10 2021.
Info: Connection from 10.110.211.194 port 13882 accepted on Fri Dec 10 20:35:50 2021.
Info: Connection from 10.110.211.194 port 13882 process 330656 started on Fri Dec 10 20:35:50 2021.
Info: Connection from 10.110.211.194 port 13882 process 330656 closed on Fri Dec 10 20:36:50 2021.
Info: Connection from 10.110.211.194 port 14060 accepted on Fri Dec 10 20:37:10 2021.
Info: Connection from 10.110.211.194 port 14060 process 330962 started on Fri Dec 10 20:37:10 2021.
Info: Connection from 10.110.211.194 port 14060 process 330962 closed on Fri Dec 10 20:38:42 2021.
Info: Connection from 10.110.211.194 port 14269 accepted on Fri Dec 10 20:39:07 2021.
Info: Connection from 10.110.211.194 port 14269 process 331431 started on Fri Dec 10 20:39:07 2021.
Info: Connection from 10.110.211.194 port 14269 process 331431 closed on Fri Dec 10 20:39:35 2021.
Info: Connection from 10.110.211.194 port 5866 accepted on Fri Dec 10 20:40:19 2021.
Info: Connection from 10.110.211.194 port 5866 process 331729 started on Fri Dec 10 20:40:19 2021.
Info: Connection from 10.110.211.194 port 5866 process 331729 closed on Fri Dec 10 20:49:59 2021.
Info: Connection from 10.110.211.194 port 6054 accepted on Fri Dec 10 20:50:04 2021.
Info: Connection from 10.110.211.194 port 6054 process 333849 started on Fri Dec 10 20:50:04 2021.
Info: Connection from 10.110.211.194 port 6054 process 333849 closed on Fri Dec 10 20:50:05 2021.
Info: Connection from 10.110.211.194 port 1492 accepted on Fri Dec 10 20:50:41 2021.
Info: Connection from 10.110.211.194 port 1492 process 334029 started on Fri Dec 10 20:50:41 2021.
Info: Connection from 10.110.211.194 port 1492 process 334029 closed on Fri Dec 10 20:55:58 2021.
Info: Connection from 10.110.211.194 port 2087 accepted on Fri Dec 10 21:00:42 2021.
Info: Connection from 10.110.211.194 port 2087 process 336223 started on Fri Dec 10 21:00:42 2021.
Info: Connection from 10.110.211.194 port 2087 process 336223 closed on Fri Dec 10 21:05:10 2021.
Info: Connection from 10.110.211.194 port 9649 accepted on Sat Dec 11 22:01:29 2021.
Info: Connection from 10.110.211.194 port 9649 process 664536 started on Sat Dec 11 22:01:29 2021.
Info: Connection from 10.110.211.194 port 9649 process 664536 closed on Sat Dec 11 22:03:16 2021.
Info: Connection from 10.110.211.194 port 9793 accepted on Sat Dec 11 22:03:22 2021.
Info: Connection from 10.110.211.194 port 9793 process 664967 started on Sat Dec 11 22:03:22 2021.
Info: Connection from 10.110.211.194 port 9793 process 664967 closed on Sat Dec 11 22:03:25 2021.
Info: Connection from 10.110.211.194 port 9866 accepted on Sat Dec 11 22:03:57 2021.
Info: Connection from 10.110.211.194 port 9866 process 665123 started on Sat Dec 11 22:03:57 2021.
Info: Connection from 10.110.211.194 port 9866 process 665123 closed on Sat Dec 11 22:03:58 2021.
Info: Connection from 10.110.211.194 port 9884 accepted on Sat Dec 11 22:04:06 2021.
Info: Connection from 10.110.211.194 port 9884 process 665197 started on Sat Dec 11 22:04:06 2021.
Info: Connection from 10.110.211.194 port 9884 process 665197 closed on Sat Dec 11 22:04:07 2021.
Info: Connection from 10.110.211.194 port 9897 accepted on Sat Dec 11 22:04:10 2021.
Info: Connection from 10.110.211.194 port 9897 process 665232 started on Sat Dec 11 22:04:10 2021.
Info: Connection from 10.110.211.194 port 9897 process 665232 closed on Sat Dec 11 22:04:10 2021.
Info: Connection from 10.110.44.130 port 53877 process 259596 closed on Mon Dec 13 17:21:07 2021.
Info: Server with pid 52246 terminated by signal 15 on Mon Dec 13 17:21:09 2021.
Info: Server started with pid 1231079 on Mon Dec 13 17:21:11 2021.
Info: Listening for connections on any interface on port 1933.
Info: Accepting connections from any host with encryption enabled.
Info: Connection from 10.110.219.181 port 4232 accepted on Tue Dec 14 00:08:23 2021.
Info: Connection from 10.110.219.181 port 4232 process 1425268 started on Tue Dec 14 00:08:23 2021.
Info: Connection from 10.110.219.181 port 4232 process 1425268 closed on Tue Dec 14 14:58:25 2021.
Info: Server with pid 1231079 terminated by signal 15 on Tue Dec 14 14:58:27 2021.
Info: Server started with pid 1656335 on Tue Dec 14 14:58:28 2021.
Info: Listening for connections on any interface on port 1933.
Info: Accepting connections from any host with encryption enabled.
Info: Connection from 10.110.219.181 port 2369 accepted on Tue Dec 14 19:05:11 2021.
Info: Connection from 10.110.219.181 port 2369 process 1739393 started on Tue Dec 14 19:05:11 2021.
Info: Connection from 10.110.35.1 port 55602 accepted on Wed Dec 15 09:35:20 2021.
Info: Connection from 10.110.35.1 port 55602 process 1866794 started on Wed Dec 15 09:35:20 2021.
Info: Connection from 10.110.219.181 port 2369 process 1739393 closed on Wed Dec 15 09:35:23 2021.
Info: Connection from 10.110.35.1 port 55602 process 1866794 closed on Wed Dec 15 10:26:59 2021.
Info: Connection from 10.110.35.1 port 62928 accepted on Wed Dec 15 10:46:11 2021.
Info: Connection from 10.110.35.1 port 62928 process 1877658 started on Wed Dec 15 10:46:11 2021.
Info: Connection from 10.110.35.1 port 62928 process 1877658 closed on Wed Dec 15 18:23:27 2021.
Info: Server with pid 1656335 terminated by signal 15 on Wed Dec 15 18:59:40 2021.
Info: Server started with pid 2484 on Wed Dec 15 19:00:43 2021.
Info: Listening for connections on any interface on port 1933.
Info: Accepting connections from any host with encryption enabled.
Info: Server with pid 2484 terminated on Wed Dec 15 19:00:43 2021.
Info: Server started with pid 2504 on Wed Dec 15 19:00:43 2021.
Info: Listening for connections on any interface on port 1933.
Info: Accepting connections from any host with encryption enabled.
Info: Server with pid 2504 terminated on Wed Dec 15 19:00:43 2021.
Info: Server started with pid 2511 on Wed Dec 15 19:00:43 2021.
Info: Listening for connections on any interface on port 1933.
Info: Accepting connections from any host with encryption enabled.
Info: Server with pid 2511 terminated on Wed Dec 15 19:00:43 2021.
Info: Server started with pid 2526 on Wed Dec 15 19:00:43 2021.
Info: Listening for connections on any interface on port 1933.
Info: Accepting connections from any host with encryption enabled.
Info: Server with pid 2526 terminated on Wed Dec 15 19:00:43 2021.
Info: Server started with pid 2535 on Wed Dec 15 19:00:43 2021.
Info: Listening for connections on any interface on port 1933.
Info: Accepting connections from any host with encryption enabled.
Info: Server with pid 2535 terminated on Wed Dec 15 19:00:43 2021.
Info: Server started with pid 2539 on Wed Dec 15 19:00:43 2021.
Info: Listening for connections on any interface on port 1933.
Info: Accepting connections from any host with encryption enabled.
Info: Server with pid 2539 terminated on Wed Dec 15 19:00:43 2021.
Info: Server started with pid 2543 on Wed Dec 15 19:00:43 2021.
Info: Listening for connections on any interface on port 1933.
Info: Accepting connections from any host with encryption enabled.
Info: Server with pid 2543 terminated on Wed Dec 15 19:00:43 2021.
Info: Server started with pid 2547 on Wed Dec 15 19:00:43 2021.
Info: Listening for connections on any interface on port 1933.
Info: Accepting connections from any host with encryption enabled.
Info: Server with pid 2547 terminated on Wed Dec 15 19:00:43 2021.
Info: Server started with pid 2551 on Wed Dec 15 19:00:43 2021.
Info: Listening for connections on any interface on port 1933.
Info: Accepting connections from any host with encryption enabled.
Info: Server with pid 2551 terminated on Wed Dec 15 19:00:43 2021.
Info: Server started with pid 2555 on Wed Dec 15 19:00:43 2021.
Info: Listening for connections on any interface on port 1933.
Info: Accepting connections from any host with encryption enabled.
Info: Server with pid 2555 terminated on Wed Dec 15 19:00:43 2021.
Info: Server started with pid 2559 on Wed Dec 15 19:00:43 2021.
Info: Listening for connections on any interface on port 1933.
Info: Accepting connections from any host with encryption enabled.
Info: Server with pid 2559 terminated on Wed Dec 15 19:00:43 2021.
Info: Server started with pid 2563 on Wed Dec 15 19:00:43 2021.
Info: Listening for connections on any interface on port 1933.
Info: Accepting connections from any host with encryption enabled.
Info: Server with pid 2563 terminated on Wed Dec 15 19:00:43 2021.
Info: Server started with pid 2567 on Wed Dec 15 19:00:43 2021.
Info: Listening for connections on any interface on port 1933.
Info: Accepting connections from any host with encryption enabled.
Info: Server with pid 2567 terminated on Wed Dec 15 19:00:43 2021.
Info: Server started with pid 2571 on Wed Dec 15 19:00:43 2021.
Info: Listening for connections on any interface on port 1933.
Info: Accepting connections from any host with encryption enabled.
Info: Server with pid 2571 terminated on Wed Dec 15 19:00:43 2021.
Info: Server started with pid 2576 on Wed Dec 15 19:00:43 2021.
Info: Listening for connections on any interface on port 1933.
Info: Accepting connections from any host with encryption enabled.
Info: Server with pid 2576 terminated on Wed Dec 15 19:00:43 2021.
Info: Server started with pid 2580 on Wed Dec 15 19:00:43 2021.
Info: Listening for connections on any interface on port 1933.
Info: Accepting connections from any host with encryption enabled.
Info: Server with pid 2580 terminated on Wed Dec 15 19:00:43 2021.
Info: Server started with pid 2584 on Wed Dec 15 19:00:43 2021.
Info: Listening for connections on any interface on port 1933.
Info: Accepting connections from any host with encryption enabled.
Info: Server with pid 2584 terminated on Wed Dec 15 19:00:43 2021.
Info: Server started with pid 2588 on Wed Dec 15 19:00:43 2021.
Info: Listening for connections on any interface on port 1933.
Info: Accepting connections from any host with encryption enabled.
Info: Server with pid 2588 terminated on Wed Dec 15 19:00:43 2021.
Info: Server started with pid 2592 on Wed Dec 15 19:00:43 2021.
Info: Listening for connections on any interface on port 1933.
Info: Accepting connections from any host with encryption enabled.
Info: Server with pid 2592 terminated on Wed Dec 15 19:00:43 2021.
Info: Server started with pid 2596 on Wed Dec 15 19:00:43 2021.
Info: Listening for connections on any interface on port 1933.
Info: Accepting connections from any host with encryption enabled.
Info: Server with pid 2596 terminated on Wed Dec 15 19:00:43 2021.
Info: Server started with pid 2600 on Wed Dec 15 19:00:43 2021.
Info: Listening for connections on any interface on port 1933.
Info: Accepting connections from any host with encryption enabled.
Info: Server with pid 2600 terminated on Wed Dec 15 19:00:43 2021.
Info: Server started with pid 2604 on Wed Dec 15 19:00:43 2021.
Info: Listening for connections on any interface on port 1933.
Info: Accepting connections from any host with encryption enabled.
Info: Server with pid 2604 terminated on Wed Dec 15 19:00:43 2021.
Info: Server started with pid 2608 on Wed Dec 15 19:00:43 2021.
Info: Listening for connections on any interface on port 1933.
Info: Accepting connections from any host with encryption enabled.
Info: Server with pid 2608 terminated on Wed Dec 15 19:00:43 2021.
Info: Server started with pid 2616 on Wed Dec 15 19:00:43 2021.
Info: Listening for connections on any interface on port 1933.
Info: Accepting connections from any host with encryption enabled.
Info: Server with pid 2616 terminated on Wed Dec 15 19:00:43 2021.
Info: Server started with pid 2621 on Wed Dec 15 19:00:43 2021.
Info: Listening for connections on any interface on port 1933.
Info: Accepting connections from any host with encryption enabled.
Info: Server with pid 2621 terminated on Wed Dec 15 19:00:43 2021.
Info: Server started with pid 2625 on Wed Dec 15 19:00:43 2021.
Info: Listening for connections on any interface on port 1933.
Info: Accepting connections from any host with encryption enabled.
Info: Server with pid 2625 terminated on Wed Dec 15 19:00:43 2021.
Info: Server started with pid 2629 on Wed Dec 15 19:00:43 2021.
Info: Listening for connections on any interface on port 1933.
Info: Accepting connections from any host with encryption enabled.
Info: Server with pid 2629 terminated on Wed Dec 15 19:00:43 2021.
Info: Server started with pid 2633 on Wed Dec 15 19:00:43 2021.
Info: Listening for connections on any interface on port 1933.
Info: Accepting connections from any host with encryption enabled.
Info: Server with pid 2633 terminated on Wed Dec 15 19:00:43 2021.
Info: Server started with pid 2637 on Wed Dec 15 19:00:43 2021.
Info: Listening for connections on any interface on port 1933.
Info: Accepting connections from any host with encryption enabled.
Info: Server with pid 2637 terminated on Wed Dec 15 19:00:43 2021.
Info: Server started with pid 2641 on Wed Dec 15 19:00:43 2021.
Info: Listening for connections on any interface on port 1933.
Info: Accepting connections from any host with encryption enabled.
Info: Server with pid 2641 terminated on Wed Dec 15 19:00:43 2021.
Info: Server started with pid 2645 on Wed Dec 15 19:00:43 2021.
Info: Listening for connections on any interface on port 1933.
Info: Accepting connections from any host with encryption enabled.
Info: Server with pid 2645 terminated on Wed Dec 15 19:00:43 2021.
Info: Server started with pid 2649 on Wed Dec 15 19:00:43 2021.
Info: Listening for connections on any interface on port 1933.
Info: Accepting connections from any host with encryption enabled.
Info: Server with pid 2649 terminated on Wed Dec 15 19:00:43 2021.
Info: Server started with pid 2653 on Wed Dec 15 19:00:43 2021.
Info: Listening for connections on any interface on port 1933.
Info: Accepting connections from any host with encryption enabled.
Info: Server with pid 2653 terminated on Wed Dec 15 19:00:43 2021.
Info: Server started with pid 2657 on Wed Dec 15 19:00:43 2021.
Info: Listening for connections on any interface on port 1933.
Info: Accepting connections from any host with encryption enabled.
Info: Server with pid 2657 terminated on Wed Dec 15 19:00:43 2021.
Info: Server started with pid 2661 on Wed Dec 15 19:00:43 2021.
Info: Listening for connections on any interface on port 1933.
Info: Accepting connections from any host with encryption enabled.
Info: Server with pid 2661 terminated on Wed Dec 15 19:00:43 2021.
Info: Server started with pid 2665 on Wed Dec 15 19:00:43 2021.
Info: Listening for connections on any interface on port 1933.
Info: Accepting connections from any host with encryption enabled.
Info: Server with pid 2665 terminated on Wed Dec 15 19:00:43 2021.
Info: Server started with pid 2669 on Wed Dec 15 19:00:43 2021.
Info: Listening for connections on any interface on port 1933.
Info: Accepting connections from any host with encryption enabled.
Info: Server with pid 2669 terminated on Wed Dec 15 19:00:43 2021.
Info: Server started with pid 2673 on Wed Dec 15 19:00:43 2021.
Info: Listening for connections on any interface on port 1933.
Info: Accepting connections from any host with encryption enabled.
Info: Server with pid 2673 terminated on Wed Dec 15 19:00:43 2021.
Info: Server started with pid 2677 on Wed Dec 15 19:00:43 2021.
Info: Listening for connections on any interface on port 1933.
Info: Accepting connections from any host with encryption enabled.
Info: Server with pid 2677 terminated on Wed Dec 15 19:00:43 2021.
Info: Server started with pid 2681 on Wed Dec 15 19:00:43 2021.
Info: Listening for connections on any interface on port 1933.
Info: Accepting connections from any host with encryption enabled.
Info: Server with pid 2681 terminated on Wed Dec 15 19:00:43 2021.
Info: Server started with pid 2686 on Wed Dec 15 19:00:43 2021.
Info: Listening for connections on any interface on port 1933.
Info: Accepting connections from any host with encryption enabled.
Info: Server with pid 2686 terminated on Wed Dec 15 19:00:43 2021.
Info: Server started with pid 1726 on Wed Dec 15 19:19:11 2021.
Info: Listening for connections on any interface on port 1933.
Info: Accepting connections from any host with encryption enabled.
Info: Server with pid 1726 terminated on Wed Dec 15 19:19:11 2021.
Info: Server started with pid 1749 on Wed Dec 15 19:19:11 2021.
Info: Listening for connections on any interface on port 1933.
Info: Accepting connections from any host with encryption enabled.
Info: Server with pid 1749 terminated on Wed Dec 15 19:19:11 2021.
Info: Server started with pid 1754 on Wed Dec 15 19:19:11 2021.
Info: Listening for connections on any interface on port 1933.
Info: Accepting connections from any host with encryption enabled.
Info: Server with pid 1754 terminated on Wed Dec 15 19:19:11 2021.
Info: Server started with pid 1763 on Wed Dec 15 19:19:11 2021.
Info: Listening for connections on any interface on port 1933.
Info: Accepting connections from any host with encryption enabled.
Info: Server with pid 1763 terminated on Wed Dec 15 19:19:11 2021.
Info: Server started with pid 1772 on Wed Dec 15 19:19:11 2021.
Info: Listening for connections on any interface on port 1933.
Info: Accepting connections from any host with encryption enabled.
Info: Server with pid 1772 terminated on Wed Dec 15 19:19:11 2021.
Info: Server started with pid 1781 on Wed Dec 15 19:19:11 2021.
Info: Listening for connections on any interface on port 1933.
Info: Accepting connections from any host with encryption enabled.
Info: Server with pid 1781 terminated on Wed Dec 15 19:19:11 2021.
Info: Server started with pid 1785 on Wed Dec 15 19:19:11 2021.
Info: Listening for connections on any interface on port 1933.
Info: Accepting connections from any host with encryption enabled.
Info: Server with pid 1785 terminated on Wed Dec 15 19:19:11 2021.
Info: Server started with pid 1789 on Wed Dec 15 19:19:12 2021.
Info: Listening for connections on any interface on port 1933.
Info: Accepting connections from any host with encryption enabled.
Info: Server with pid 1789 terminated on Wed Dec 15 19:19:12 2021.
Info: Server started with pid 1793 on Wed Dec 15 19:19:12 2021.
Info: Listening for connections on any interface on port 1933.
Info: Accepting connections from any host with encryption enabled.
Info: Server with pid 1793 terminated on Wed Dec 15 19:19:12 2021.
Info: Server started with pid 1797 on Wed Dec 15 19:19:12 2021.
Info: Listening for connections on any interface on port 1933.
Info: Accepting connections from any host with encryption enabled.
Info: Server with pid 1797 terminated on Wed Dec 15 19:19:12 2021.
Info: Server started with pid 1801 on Wed Dec 15 19:19:12 2021.
Info: Listening for connections on any interface on port 1933.
Info: Accepting connections from any host with encryption enabled.
Info: Server with pid 1801 terminated on Wed Dec 15 19:19:12 2021.
Info: Server started with pid 1805 on Wed Dec 15 19:19:12 2021.
Info: Listening for connections on any interface on port 1933.
Info: Accepting connections from any host with encryption enabled.
Info: Server with pid 1805 terminated on Wed Dec 15 19:19:12 2021.
Info: Server started with pid 1810 on Wed Dec 15 19:19:12 2021.
Info: Listening for connections on any interface on port 1933.
Info: Accepting connections from any host with encryption enabled.
Info: Server with pid 1810 terminated on Wed Dec 15 19:19:12 2021.
Info: Server started with pid 1814 on Wed Dec 15 19:19:12 2021.
Info: Listening for connections on any interface on port 1933.
Info: Accepting connections from any host with encryption enabled.
Info: Server with pid 1814 terminated on Wed Dec 15 19:19:12 2021.
Info: Server started with pid 1818 on Wed Dec 15 19:19:12 2021.
Info: Listening for connections on any interface on port 1933.
Info: Accepting connections from any host with encryption enabled.
Info: Server with pid 1818 terminated on Wed Dec 15 19:19:12 2021.
Info: Server started with pid 1822 on Wed Dec 15 19:19:12 2021.
Info: Listening for connections on any interface on port 1933.
Info: Accepting connections from any host with encryption enabled.
Info: Server with pid 1822 terminated on Wed Dec 15 19:19:12 2021.
Info: Server started with pid 1826 on Wed Dec 15 19:19:12 2021.
Info: Listening for connections on any interface on port 1933.
Info: Accepting connections from any host with encryption enabled.
Info: Server with pid 1826 terminated on Wed Dec 15 19:19:12 2021.
Info: Server started with pid 1830 on Wed Dec 15 19:19:12 2021.
Info: Listening for connections on any interface on port 1933.
Info: Accepting connections from any host with encryption enabled.
Info: Server with pid 1830 terminated on Wed Dec 15 19:19:12 2021.
Info: Server started with pid 1834 on Wed Dec 15 19:19:12 2021.
Info: Listening for connections on any interface on port 1933.
Info: Accepting connections from any host with encryption enabled.
Info: Server with pid 1834 terminated on Wed Dec 15 19:19:12 2021.
Info: Server started with pid 1838 on Wed Dec 15 19:19:12 2021.
Info: Listening for connections on any interface on port 1933.
Info: Accepting connections from any host with encryption enabled.
Info: Server with pid 1838 terminated on Wed Dec 15 19:19:12 2021.
Info: Server started with pid 1842 on Wed Dec 15 19:19:12 2021.
Info: Listening for connections on any interface on port 1933.
Info: Accepting connections from any host with encryption enabled.
Info: Server with pid 1842 terminated on Wed Dec 15 19:19:12 2021.
Info: Server started with pid 1846 on Wed Dec 15 19:19:12 2021.
Info: Listening for connections on any interface on port 1933.
Info: Accepting connections from any host with encryption enabled.
Info: Server with pid 1846 terminated on Wed Dec 15 19:19:12 2021.
Info: Server started with pid 1850 on Wed Dec 15 19:19:12 2021.
Info: Listening for connections on any interface on port 1933.
Info: Accepting connections from any host with encryption enabled.
Info: Server with pid 1850 terminated on Wed Dec 15 19:19:12 2021.
Info: Server started with pid 1854 on Wed Dec 15 19:19:12 2021.
Info: Listening for connections on any interface on port 1933.
Info: Accepting connections from any host with encryption enabled.
Info: Server with pid 1854 terminated on Wed Dec 15 19:19:12 2021.
Info: Server started with pid 1858 on Wed Dec 15 19:19:12 2021.
Info: Listening for connections on any interface on port 1933.
Info: Accepting connections from any host with encryption enabled.
Info: Server with pid 1858 terminated on Wed Dec 15 19:19:12 2021.
Info: Server started with pid 1862 on Wed Dec 15 19:19:12 2021.
Info: Listening for connections on any interface on port 1933.
Info: Accepting connections from any host with encryption enabled.
Info: Server with pid 1862 terminated on Wed Dec 15 19:19:12 2021.
Info: Server started with pid 1866 on Wed Dec 15 19:19:12 2021.
Info: Listening for connections on any interface on port 1933.
Info: Accepting connections from any host with encryption enabled.
Info: Server with pid 1866 terminated on Wed Dec 15 19:19:12 2021.
Info: Server started with pid 1870 on Wed Dec 15 19:19:12 2021.
Info: Listening for connections on any interface on port 1933.
Info: Accepting connections from any host with encryption enabled.
Info: Server with pid 1870 terminated on Wed Dec 15 19:19:12 2021.
Info: Server started with pid 1874 on Wed Dec 15 19:19:12 2021.
Info: Listening for connections on any interface on port 1933.
Info: Accepting connections from any host with encryption enabled.
Info: Server with pid 1874 terminated on Wed Dec 15 19:19:12 2021.
Info: Server started with pid 1878 on Wed Dec 15 19:19:12 2021.
Info: Listening for connections on any interface on port 1933.
Info: Accepting connections from any host with encryption enabled.
Info: Server with pid 1878 terminated on Wed Dec 15 19:19:12 2021.
Info: Server started with pid 1882 on Wed Dec 15 19:19:12 2021.
Info: Listening for connections on any interface on port 1933.
Info: Accepting connections from any host with encryption enabled.
Info: Server with pid 1882 terminated on Wed Dec 15 19:19:12 2021.
Info: Server started with pid 1886 on Wed Dec 15 19:19:12 2021.
Info: Listening for connections on any interface on port 1933.
Info: Accepting connections from any host with encryption enabled.
Info: Server with pid 1886 terminated on Wed Dec 15 19:19:12 2021.
Info: Server started with pid 1890 on Wed Dec 15 19:19:12 2021.
Info: Listening for connections on any interface on port 1933.
Info: Accepting connections from any host with encryption enabled.
Info: Server with pid 1890 terminated on Wed Dec 15 19:19:12 2021.
Info: Server started with pid 1894 on Wed Dec 15 19:19:12 2021.
Info: Listening for connections on any interface on port 1933.
Info: Accepting connections from any host with encryption enabled.
Info: Server with pid 1894 terminated on Wed Dec 15 19:19:12 2021.
Info: Server started with pid 1898 on Wed Dec 15 19:19:12 2021.
Info: Listening for connections on any interface on port 1933.
Info: Accepting connections from any host with encryption enabled.
Info: Server with pid 1898 terminated on Wed Dec 15 19:19:12 2021.
Info: Server started with pid 1902 on Wed Dec 15 19:19:12 2021.
Info: Listening for connections on any interface on port 1933.
Info: Accepting connections from any host with encryption enabled.
Info: Server with pid 1902 terminated on Wed Dec 15 19:19:12 2021.
Info: Server started with pid 1906 on Wed Dec 15 19:19:12 2021.
Info: Listening for connections on any interface on port 1933.
Info: Accepting connections from any host with encryption enabled.
Info: Server with pid 1906 terminated on Wed Dec 15 19:19:12 2021.
Info: Server started with pid 1910 on Wed Dec 15 19:19:12 2021.
Info: Listening for connections on any interface on port 1933.
Info: Accepting connections from any host with encryption enabled.
Info: Server with pid 1910 terminated on Wed Dec 15 19:19:12 2021.
Info: Server started with pid 1915 on Wed Dec 15 19:19:12 2021.
Info: Listening for connections on any interface on port 1933.
Info: Accepting connections from any host with encryption enabled.
Info: Server with pid 1915 terminated on Wed Dec 15 19:19:12 2021.
Info: Server started with pid 1919 on Wed Dec 15 19:19:12 2021.
Info: Listening for connections on any interface on port 1933.
Info: Accepting connections from any host with encryption enabled.
Info: Server with pid 1919 terminated on Wed Dec 15 19:19:12 2021.
Info: Server started with pid 1923 on Wed Dec 15 19:19:12 2021.
Info: Listening for connections on any interface on port 1933.
Info: Accepting connections from any host with encryption enabled.
Info: Server with pid 1923 terminated on Wed Dec 15 19:19:12 2021.
Info: Server started with pid 2715 on Wed Dec 15 19:26:19 2021.
Info: Listening for connections on any interface on port 1933.
Info: Accepting connections from any host with encryption enabled.
Info: Server with pid 2715 terminated on Wed Dec 15 19:26:19 2021.
Info: Server started with pid 2736 on Wed Dec 15 19:26:19 2021.
Info: Listening for connections on any interface on port 1933.
Info: Accepting connections from any host with encryption enabled.
Info: Server with pid 2736 terminated on Wed Dec 15 19:26:19 2021.
Info: Server started with pid 2742 on Wed Dec 15 19:26:19 2021.
Info: Listening for connections on any interface on port 1933.
Info: Accepting connections from any host with encryption enabled.
Info: Server with pid 2742 terminated on Wed Dec 15 19:26:19 2021.
Info: Server started with pid 2757 on Wed Dec 15 19:26:19 2021.
Info: Listening for connections on any interface on port 1933.
Info: Accepting connections from any host with encryption enabled.
Info: Server with pid 2757 terminated on Wed Dec 15 19:26:19 2021.
Info: Server started with pid 2766 on Wed Dec 15 19:26:19 2021.
Info: Listening for connections on any interface on port 1933.
Info: Accepting connections from any host with encryption enabled.
Info: Server with pid 2766 terminated on Wed Dec 15 19:26:19 2021.
Info: Server started with pid 2770 on Wed Dec 15 19:26:19 2021.
Info: Listening for connections on any interface on port 1933.
Info: Accepting connections from any host with encryption enabled.
Info: Server with pid 2770 terminated on Wed Dec 15 19:26:19 2021.
Info: Server started with pid 2774 on Wed Dec 15 19:26:19 2021.
Info: Listening for connections on any interface on port 1933.
Info: Accepting connections from any host with encryption enabled.
Info: Server with pid 2774 terminated on Wed Dec 15 19:26:19 2021.
Info: Server started with pid 2778 on Wed Dec 15 19:26:19 2021.
Info: Listening for connections on any interface on port 1933.
Info: Accepting connections from any host with encryption enabled.
Info: Server with pid 2778 terminated on Wed Dec 15 19:26:19 2021.
Info: Server started with pid 2782 on Wed Dec 15 19:26:19 2021.
Info: Listening for connections on any interface on port 1933.
Info: Accepting connections from any host with encryption enabled.
Info: Server with pid 2782 terminated on Wed Dec 15 19:26:19 2021.
Info: Server started with pid 2786 on Wed Dec 15 19:26:19 2021.
Info: Listening for connections on any interface on port 1933.
Info: Accepting connections from any host with encryption enabled.
Info: Server with pid 2786 terminated on Wed Dec 15 19:26:19 2021.
Info: Server started with pid 2790 on Wed Dec 15 19:26:19 2021.
Info: Listening for connections on any interface on port 1933.
Info: Accepting connections from any host with encryption enabled.
Info: Server with pid 2790 terminated on Wed Dec 15 19:26:19 2021.
Info: Server started with pid 2794 on Wed Dec 15 19:26:19 2021.
Info: Listening for connections on any interface on port 1933.
Info: Accepting connections from any host with encryption enabled.
Info: Server with pid 2794 terminated on Wed Dec 15 19:26:19 2021.
Info: Server started with pid 2798 on Wed Dec 15 19:26:19 2021.
Info: Listening for connections on any interface on port 1933.
Info: Accepting connections from any host with encryption enabled.
Info: Server with pid 2798 terminated on Wed Dec 15 19:26:19 2021.
Info: Server started with pid 2803 on Wed Dec 15 19:26:19 2021.
Info: Listening for connections on any interface on port 1933.
Info: Accepting connections from any host with encryption enabled.
Info: Server with pid 2803 terminated on Wed Dec 15 19:26:19 2021.
Info: Server started with pid 2807 on Wed Dec 15 19:26:19 2021.
Info: Listening for connections on any interface on port 1933.
Info: Accepting connections from any host with encryption enabled.
Info: Server with pid 2807 terminated on Wed Dec 15 19:26:19 2021.
Info: Server started with pid 2811 on Wed Dec 15 19:26:19 2021.
Info: Listening for connections on any interface on port 1933.
Info: Accepting connections from any host with encryption enabled.
Info: Server with pid 2811 terminated on Wed Dec 15 19:26:19 2021.
Info: Server started with pid 2815 on Wed Dec 15 19:26:19 2021.
Info: Listening for connections on any interface on port 1933.
Info: Accepting connections from any host with encryption enabled.
Info: Server with pid 2815 terminated on Wed Dec 15 19:26:19 2021.
Info: Server started with pid 2819 on Wed Dec 15 19:26:19 2021.
Info: Listening for connections on any interface on port 1933.
Info: Accepting connections from any host with encryption enabled.
Info: Server with pid 2819 terminated on Wed Dec 15 19:26:19 2021.
Info: Server started with pid 2823 on Wed Dec 15 19:26:19 2021.
Info: Listening for connections on any interface on port 1933.
Info: Accepting connections from any host with encryption enabled.
Info: Server with pid 2823 terminated on Wed Dec 15 19:26:19 2021.
Info: Server started with pid 2827 on Wed Dec 15 19:26:19 2021.
Info: Listening for connections on any interface on port 1933.
Info: Accepting connections from any host with encryption enabled.
Info: Server with pid 2827 terminated on Wed Dec 15 19:26:19 2021.
Info: Server started with pid 2831 on Wed Dec 15 19:26:19 2021.
Info: Listening for connections on any interface on port 1933.
Info: Accepting connections from any host with encryption enabled.
Info: Server with pid 2831 terminated on Wed Dec 15 19:26:19 2021.
Info: Server started with pid 2835 on Wed Dec 15 19:26:19 2021.
Info: Listening for connections on any interface on port 1933.
Info: Accepting connections from any host with encryption enabled.
Info: Server with pid 2835 terminated on Wed Dec 15 19:26:19 2021.
Info: Server started with pid 2839 on Wed Dec 15 19:26:19 2021.
Info: Listening for connections on any interface on port 1933.
Info: Accepting connections from any host with encryption enabled.
Info: Server with pid 2839 terminated on Wed Dec 15 19:26:19 2021.
Info: Server started with pid 2843 on Wed Dec 15 19:26:19 2021.
Info: Listening for connections on any interface on port 1933.
Info: Accepting connections from any host with encryption enabled.
Info: Server with pid 2843 terminated on Wed Dec 15 19:26:19 2021.
Info: Server started with pid 2847 on Wed Dec 15 19:26:19 2021.
Info: Listening for connections on any interface on port 1933.
Info: Accepting connections from any host with encryption enabled.
Info: Server with pid 2847 terminated on Wed Dec 15 19:26:19 2021.
Info: Server started with pid 2851 on Wed Dec 15 19:26:19 2021.
Info: Listening for connections on any interface on port 1933.
Info: Accepting connections from any host with encryption enabled.
Info: Server with pid 2851 terminated on Wed Dec 15 19:26:19 2021.
Info: Server started with pid 2855 on Wed Dec 15 19:26:19 2021.
Info: Listening for connections on any interface on port 1933.
Info: Accepting connections from any host with encryption enabled.
Info: Server with pid 2855 terminated on Wed Dec 15 19:26:19 2021.
Info: Server started with pid 2859 on Wed Dec 15 19:26:19 2021.
Info: Listening for connections on any interface on port 1933.
Info: Accepting connections from any host with encryption enabled.
Info: Server with pid 2859 terminated on Wed Dec 15 19:26:19 2021.
Info: Server started with pid 2863 on Wed Dec 15 19:26:19 2021.
Info: Listening for connections on any interface on port 1933.
Info: Accepting connections from any host with encryption enabled.
Info: Server with pid 2863 terminated on Wed Dec 15 19:26:19 2021.
Info: Server started with pid 2867 on Wed Dec 15 19:26:19 2021.
Info: Listening for connections on any interface on port 1933.
Info: Accepting connections from any host with encryption enabled.
Info: Server with pid 2867 terminated on Wed Dec 15 19:26:19 2021.
Info: Server started with pid 2871 on Wed Dec 15 19:26:19 2021.
Info: Listening for connections on any interface on port 1933.
Info: Accepting connections from any host with encryption enabled.
Info: Server with pid 2871 terminated on Wed Dec 15 19:26:19 2021.
Info: Server started with pid 2875 on Wed Dec 15 19:26:19 2021.
Info: Listening for connections on any interface on port 1933.
Info: Accepting connections from any host with encryption enabled.
Info: Server with pid 2875 terminated on Wed Dec 15 19:26:19 2021.
Info: Server started with pid 2879 on Wed Dec 15 19:26:19 2021.
Info: Listening for connections on any interface on port 1933.
Info: Accepting connections from any host with encryption enabled.
Info: Server with pid 2879 terminated on Wed Dec 15 19:26:19 2021.
Info: Server started with pid 2883 on Wed Dec 15 19:26:19 2021.
Info: Listening for connections on any interface on port 1933.
Info: Accepting connections from any host with encryption enabled.
Info: Server with pid 2883 terminated on Wed Dec 15 19:26:19 2021.
Info: Server started with pid 2887 on Wed Dec 15 19:26:19 2021.
Info: Listening for connections on any interface on port 1933.
Info: Accepting connections from any host with encryption enabled.
Info: Server with pid 2887 terminated on Wed Dec 15 19:26:19 2021.
Info: Server started with pid 2891 on Wed Dec 15 19:26:19 2021.
Info: Listening for connections on any interface on port 1933.
Info: Accepting connections from any host with encryption enabled.
Info: Server with pid 2891 terminated on Wed Dec 15 19:26:19 2021.
Info: Server started with pid 2895 on Wed Dec 15 19:26:19 2021.
Info: Listening for connections on any interface on port 1933.
Info: Accepting connections from any host with encryption enabled.
Info: Server with pid 2895 terminated on Wed Dec 15 19:26:19 2021.
Info: Server started with pid 2900 on Wed Dec 15 19:26:19 2021.
Info: Listening for connections on any interface on port 1933.
Info: Accepting connections from any host with encryption enabled.
Info: Server with pid 2900 terminated on Wed Dec 15 19:26:19 2021.
Info: Server started with pid 2904 on Wed Dec 15 19:26:19 2021.
Info: Listening for connections on any interface on port 1933.
Info: Accepting connections from any host with encryption enabled.
Info: Server with pid 2904 terminated on Wed Dec 15 19:26:19 2021.
Info: Server started with pid 2908 on Wed Dec 15 19:26:19 2021.
Info: Listening for connections on any interface on port 1933.
Info: Accepting connections from any host with encryption enabled.
Info: Server with pid 2908 terminated on Wed Dec 15 19:26:19 2021.
Info: Server started with pid 2912 on Wed Dec 15 19:26:19 2021.
Info: Listening for connections on any interface on port 1933.
Info: Accepting connections from any host with encryption enabled.
Info: Server with pid 2912 terminated on Wed Dec 15 19:26:19 2021.
Info: Server started with pid 1843237 on Mon Dec 20 09:09:50 2021.
Info: Listening for connections on any interface on port 1933.
Info: Accepting connections from any host with encryption enabled.
Info: Server with pid 1843237 terminated on Mon Dec 20 09:09:50 2021.
Info: Server started with pid 1843331 on Mon Dec 20 09:10:01 2021.
Info: Listening for connections on any interface on port 1933.
Info: Accepting connections from any host with encryption enabled.
Info: Server with pid 1843331 terminated on Mon Dec 20 09:10:01 2021.
Info: Server started with pid 1843598 on Mon Dec 20 09:10:29 2021.
Info: Listening for connections on any interface on port 1933.
Info: Accepting connections from any host with encryption enabled.
Info: Server with pid 1843598 terminated on Mon Dec 20 09:10:29 2021.
Info: Server started with pid 1843604 on Mon Dec 20 09:10:29 2021.
Info: Listening for connections on any interface on port 1933.
Info: Accepting connections from any host with encryption enabled.
Info: Server with pid 1843604 terminated on Mon Dec 20 09:10:29 2021.
Info: Server started with pid 1843608 on Mon Dec 20 09:10:29 2021.
Info: Listening for connections on any interface on port 1933.
Info: Accepting connections from any host with encryption enabled.
Info: Server with pid 1843608 terminated on Mon Dec 20 09:10:29 2021.
Info: Server started with pid 1843612 on Mon Dec 20 09:10:29 2021.
Info: Listening for connections on any interface on port 1933.
Info: Accepting connections from any host with encryption enabled.
Info: Server with pid 1843612 terminated on Mon Dec 20 09:10:29 2021.
Info: Server started with pid 1843617 on Mon Dec 20 09:10:29 2021.
Info: Listening for connections on any interface on port 1933.
Info: Accepting connections from any host with encryption enabled.
Info: Server with pid 1843617 terminated on Mon Dec 20 09:10:29 2021.
Info: Server started with pid 1843625 on Mon Dec 20 09:10:29 2021.
Info: Listening for connections on any interface on port 1933.
Info: Accepting connections from any host with encryption enabled.
Info: Server with pid 1843625 terminated on Mon Dec 20 09:10:29 2021.
Info: Server started with pid 1843636 on Mon Dec 20 09:10:29 2021.
Info: Listening for connections on any interface on port 1933.
Info: Accepting connections from any host with encryption enabled.
Info: Server with pid 1843636 terminated on Mon Dec 20 09:10:29 2021.
Info: Server started with pid 1843644 on Mon Dec 20 09:10:29 2021.
Info: Listening for connections on any interface on port 1933.
Info: Accepting connections from any host with encryption enabled.
Info: Server with pid 1843644 terminated on Mon Dec 20 09:10:29 2021.
Info: Server started with pid 1843659 on Mon Dec 20 09:10:29 2021.
Info: Listening for connections on any interface on port 1933.
Info: Accepting connections from any host with encryption enabled.
Info: Server with pid 1843659 terminated on Mon Dec 20 09:10:29 2021.
Info: Server started with pid 1843663 on Mon Dec 20 09:10:29 2021.
Info: Listening for connections on any interface on port 1933.
Info: Accepting connections from any host with encryption enabled.
Info: Server with pid 1843663 terminated on Mon Dec 20 09:10:29 2021.
Info: Server started with pid 1843667 on Mon Dec 20 09:10:29 2021.
Info: Listening for connections on any interface on port 1933.
Info: Accepting connections from any host with encryption enabled.
Info: Server with pid 1843667 terminated on Mon Dec 20 09:10:29 2021.
Info: Server started with pid 1843671 on Mon Dec 20 09:10:29 2021.
Info: Listening for connections on any interface on port 1933.
Info: Accepting connections from any host with encryption enabled.
Info: Server with pid 1843671 terminated on Mon Dec 20 09:10:29 2021.
Info: Server started with pid 1843675 on Mon Dec 20 09:10:29 2021.
Info: Listening for connections on any interface on port 1933.
Info: Accepting connections from any host with encryption enabled.
Info: Server with pid 1843675 terminated on Mon Dec 20 09:10:29 2021.
Info: Server started with pid 1843679 on Mon Dec 20 09:10:29 2021.
Info: Listening for connections on any interface on port 1933.
Info: Accepting connections from any host with encryption enabled.
Info: Server with pid 1843679 terminated on Mon Dec 20 09:10:29 2021.
Info: Server started with pid 1843683 on Mon Dec 20 09:10:29 2021.
Info: Listening for connections on any interface on port 1933.
Info: Accepting connections from any host with encryption enabled.
Info: Server with pid 1843683 terminated on Mon Dec 20 09:10:29 2021.
Info: Server started with pid 1843687 on Mon Dec 20 09:10:29 2021.
Info: Listening for connections on any interface on port 1933.
Info: Accepting connections from any host with encryption enabled.
Info: Server with pid 1843687 terminated on Mon Dec 20 09:10:29 2021.
Info: Server started with pid 1843692 on Mon Dec 20 09:10:29 2021.
Info: Listening for connections on any interface on port 1933.
Info: Accepting connections from any host with encryption enabled.
Info: Server with pid 1843692 terminated on Mon Dec 20 09:10:29 2021.
Info: Server started with pid 1843696 on Mon Dec 20 09:10:29 2021.
Info: Listening for connections on any interface on port 1933.
Info: Accepting connections from any host with encryption enabled.
Info: Server with pid 1843696 terminated on Mon Dec 20 09:10:29 2021.
Info: Server started with pid 1843700 on Mon Dec 20 09:10:29 2021.
Info: Listening for connections on any interface on port 1933.
Info: Accepting connections from any host with encryption enabled.
Info: Server with pid 1843700 terminated on Mon Dec 20 09:10:29 2021.
Info: Server started with pid 1843704 on Mon Dec 20 09:10:29 2021.
Info: Listening for connections on any interface on port 1933.
Info: Accepting connections from any host with encryption enabled.
Info: Server with pid 1843704 terminated on Mon Dec 20 09:10:29 2021.
Info: Server started with pid 1843708 on Mon Dec 20 09:10:29 2021.
Info: Listening for connections on any interface on port 1933.
Info: Accepting connections from any host with encryption enabled.
Info: Server with pid 1843708 terminated on Mon Dec 20 09:10:29 2021.
Info: Server started with pid 1843712 on Mon Dec 20 09:10:29 2021.
Info: Listening for connections on any interface on port 1933.
Info: Accepting connections from any host with encryption enabled.
Info: Server with pid 1843712 terminated on Mon Dec 20 09:10:29 2021.
Info: Server started with pid 1843716 on Mon Dec 20 09:10:29 2021.
Info: Listening for connections on any interface on port 1933.
Info: Accepting connections from any host with encryption enabled.
Info: Server with pid 1843716 terminated on Mon Dec 20 09:10:29 2021.
Info: Server started with pid 1843720 on Mon Dec 20 09:10:29 2021.
Info: Listening for connections on any interface on port 1933.
Info: Accepting connections from any host with encryption enabled.
Info: Server with pid 1843720 terminated on Mon Dec 20 09:10:29 2021.
Info: Server started with pid 1843724 on Mon Dec 20 09:10:29 2021.
Info: Listening for connections on any interface on port 1933.
Info: Accepting connections from any host with encryption enabled.
Info: Server with pid 1843724 terminated on Mon Dec 20 09:10:29 2021.
Info: Server started with pid 1843728 on Mon Dec 20 09:10:29 2021.
Info: Listening for connections on any interface on port 1933.
Info: Accepting connections from any host with encryption enabled.
Info: Server with pid 1843728 terminated on Mon Dec 20 09:10:29 2021.
Info: Server started with pid 1843732 on Mon Dec 20 09:10:29 2021.
Info: Listening for connections on any interface on port 1933.
Info: Accepting connections from any host with encryption enabled.
Info: Server with pid 1843732 terminated on Mon Dec 20 09:10:29 2021.
Info: Server started with pid 1843736 on Mon Dec 20 09:10:29 2021.
Info: Listening for connections on any interface on port 1933.
Info: Accepting connections from any host with encryption enabled.
Info: Server with pid 1843736 terminated on Mon Dec 20 09:10:29 2021.
Info: Server started with pid 1843740 on Mon Dec 20 09:10:29 2021.
Info: Listening for connections on any interface on port 1933.
Info: Accepting connections from any host with encryption enabled.
Info: Server with pid 1843740 terminated on Mon Dec 20 09:10:29 2021.
Info: Server started with pid 1843744 on Mon Dec 20 09:10:29 2021.
Info: Listening for connections on any interface on port 1933.
Info: Accepting connections from any host with encryption enabled.
Info: Server with pid 1843744 terminated on Mon Dec 20 09:10:29 2021.
Info: Server started with pid 1843748 on Mon Dec 20 09:10:29 2021.
Info: Listening for connections on any interface on port 1933.
Info: Accepting connections from any host with encryption enabled.
Info: Server with pid 1843748 terminated on Mon Dec 20 09:10:29 2021.
Info: Server started with pid 1843752 on Mon Dec 20 09:10:29 2021.
Info: Listening for connections on any interface on port 1933.
Info: Accepting connections from any host with encryption enabled.
Info: Server with pid 1843752 terminated on Mon Dec 20 09:10:29 2021.
Info: Server started with pid 1843756 on Mon Dec 20 09:10:29 2021.
Info: Listening for connections on any interface on port 1933.
Info: Accepting connections from any host with encryption enabled.
Info: Server with pid 1843756 terminated on Mon Dec 20 09:10:29 2021.
Info: Server started with pid 1843760 on Mon Dec 20 09:10:29 2021.
Info: Listening for connections on any interface on port 1933.
Info: Accepting connections from any host with encryption enabled.
Info: Server with pid 1843760 terminated on Mon Dec 20 09:10:29 2021.
Info: Server started with pid 1843764 on Mon Dec 20 09:10:29 2021.
Info: Listening for connections on any interface on port 1933.
Info: Accepting connections from any host with encryption enabled.
Info: Server with pid 1843764 terminated on Mon Dec 20 09:10:29 2021.
Info: Server started with pid 1843768 on Mon Dec 20 09:10:29 2021.
Info: Listening for connections on any interface on port 1933.
Info: Accepting connections from any host with encryption enabled.
Info: Server with pid 1843768 terminated on Mon Dec 20 09:10:29 2021.
Info: Server started with pid 1843772 on Mon Dec 20 09:10:29 2021.
Info: Listening for connections on any interface on port 1933.
Info: Accepting connections from any host with encryption enabled.
Info: Server with pid 1843772 terminated on Mon Dec 20 09:10:29 2021.
Info: Server started with pid 1843776 on Mon Dec 20 09:10:29 2021.
Info: Listening for connections on any interface on port 1933.
Info: Accepting connections from any host with encryption enabled.
Info: Server with pid 1843776 terminated on Mon Dec 20 09:10:29 2021.
Info: Server started with pid 1843781 on Mon Dec 20 09:10:29 2021.
Info: Listening for connections on any interface on port 1933.
Info: Accepting connections from any host with encryption enabled.
Info: Server with pid 1843781 terminated on Mon Dec 20 09:10:29 2021.
Info: Server started with pid 1843785 on Mon Dec 20 09:10:29 2021.
Info: Listening for connections on any interface on port 1933.
Info: Accepting connections from any host with encryption enabled.
Info: Server with pid 1843785 terminated on Mon Dec 20 09:10:29 2021.
Info: Server started with pid 1843789 on Mon Dec 20 09:10:29 2021.
Info: Listening for connections on any interface on port 1933.
Info: Accepting connections from any host with encryption enabled.
Info: Server with pid 1843789 terminated on Mon Dec 20 09:10:29 2021.
Info: Server started with pid 1844297 on Mon Dec 20 09:10:47 2021.
Info: Listening for connections on any interface on port 1933.
Info: Accepting connections from any host with encryption enabled.
Info: Server with pid 1844297 terminated on Mon Dec 20 09:10:47 2021.
Info: Server started with pid 1844303 on Mon Dec 20 09:10:47 2021.
Info: Listening for connections on any interface on port 1933.
Info: Accepting connections from any host with encryption enabled.
Info: Server with pid 1844303 terminated on Mon Dec 20 09:10:47 2021.
Info: Server started with pid 1844307 on Mon Dec 20 09:10:47 2021.
Info: Listening for connections on any interface on port 1933.
Info: Accepting connections from any host with encryption enabled.
Info: Server with pid 1844307 terminated on Mon Dec 20 09:10:47 2021.
Info: Server started with pid 1844311 on Mon Dec 20 09:10:47 2021.
Info: Listening for connections on any interface on port 1933.
Info: Accepting connections from any host with encryption enabled.
Info: Server with pid 1844311 terminated on Mon Dec 20 09:10:47 2021.
Info: Server started with pid 1844317 on Mon Dec 20 09:10:47 2021.
Info: Listening for connections on any interface on port 1933.
Info: Accepting connections from any host with encryption enabled.
Info: Server with pid 1844317 terminated on Mon Dec 20 09:10:47 2021.
Info: Server started with pid 1844326 on Mon Dec 20 09:10:47 2021.
Info: Listening for connections on any interface on port 1933.
Info: Accepting connections from any host with encryption enabled.
Info: Server with pid 1844326 terminated on Mon Dec 20 09:10:47 2021.
Info: Server started with pid 1844340 on Mon Dec 20 09:10:47 2021.
Info: Listening for connections on any interface on port 1933.
Info: Accepting connections from any host with encryption enabled.
Info: Server with pid 1844340 terminated on Mon Dec 20 09:10:47 2021.
Info: Server started with pid 1844347 on Mon Dec 20 09:10:47 2021.
Info: Listening for connections on any interface on port 1933.
Info: Accepting connections from any host with encryption enabled.
Info: Server with pid 1844347 terminated on Mon Dec 20 09:10:47 2021.
Info: Server started with pid 1844358 on Mon Dec 20 09:10:47 2021.
Info: Listening for connections on any interface on port 1933.
Info: Accepting connections from any host with encryption enabled.
Info: Server with pid 1844358 terminated on Mon Dec 20 09:10:47 2021.
Info: Server started with pid 1844362 on Mon Dec 20 09:10:47 2021.
Info: Listening for connections on any interface on port 1933.
Info: Accepting connections from any host with encryption enabled.
Info: Server with pid 1844362 terminated on Mon Dec 20 09:10:47 2021.
Info: Server started with pid 1844366 on Mon Dec 20 09:10:47 2021.
Info: Listening for connections on any interface on port 1933.
Info: Accepting connections from any host with encryption enabled.
Info: Server with pid 1844366 terminated on Mon Dec 20 09:10:47 2021.
Info: Server started with pid 1844370 on Mon Dec 20 09:10:47 2021.
Info: Listening for connections on any interface on port 1933.
Info: Accepting connections from any host with encryption enabled.
Info: Server with pid 1844370 terminated on Mon Dec 20 09:10:47 2021.
Info: Server started with pid 1844375 on Mon Dec 20 09:10:47 2021.
Info: Listening for connections on any interface on port 1933.
Info: Accepting connections from any host with encryption enabled.
Info: Server with pid 1844375 terminated on Mon Dec 20 09:10:47 2021.
Info: Server started with pid 1844379 on Mon Dec 20 09:10:47 2021.
Info: Listening for connections on any interface on port 1933.
Info: Accepting connections from any host with encryption enabled.
Info: Server with pid 1844379 terminated on Mon Dec 20 09:10:47 2021.
Info: Server started with pid 1844383 on Mon Dec 20 09:10:47 2021.
Info: Listening for connections on any interface on port 1933.
Info: Accepting connections from any host with encryption enabled.
Info: Server with pid 1844383 terminated on Mon Dec 20 09:10:47 2021.
Info: Server started with pid 1844387 on Mon Dec 20 09:10:47 2021.
Info: Listening for connections on any interface on port 1933.
Info: Accepting connections from any host with encryption enabled.
Info: Server with pid 1844387 terminated on Mon Dec 20 09:10:47 2021.
Info: Server started with pid 1844391 on Mon Dec 20 09:10:47 2021.
Info: Listening for connections on any interface on port 1933.
Info: Accepting connections from any host with encryption enabled.
Info: Server with pid 1844391 terminated on Mon Dec 20 09:10:47 2021.
Info: Server started with pid 1844395 on Mon Dec 20 09:10:47 2021.
Info: Listening for connections on any interface on port 1933.
Info: Accepting connections from any host with encryption enabled.
Info: Server with pid 1844395 terminated on Mon Dec 20 09:10:47 2021.
Info: Server started with pid 1844404 on Mon Dec 20 09:10:47 2021.
Info: Listening for connections on any interface on port 1933.
Info: Accepting connections from any host with encryption enabled.
Info: Server with pid 1844404 terminated on Mon Dec 20 09:10:47 2021.
Info: Server started with pid 1844417 on Mon Dec 20 09:10:47 2021.
Info: Listening for connections on any interface on port 1933.
Info: Accepting connections from any host with encryption enabled.
Info: Server with pid 1844417 terminated on Mon Dec 20 09:10:47 2021.
Info: Server started with pid 1844424 on Mon Dec 20 09:10:47 2021.
Info: Listening for connections on any interface on port 1933.
Info: Accepting connections from any host with encryption enabled.
Info: Server with pid 1844424 terminated on Mon Dec 20 09:10:47 2021.
Info: Server started with pid 1844429 on Mon Dec 20 09:10:47 2021.
Info: Listening for connections on any interface on port 1933.
Info: Accepting connections from any host with encryption enabled.
Info: Server with pid 1844429 terminated on Mon Dec 20 09:10:47 2021.
Info: Server started with pid 1844433 on Mon Dec 20 09:10:47 2021.
Info: Listening for connections on any interface on port 1933.
Info: Accepting connections from any host with encryption enabled.
Info: Server with pid 1844433 terminated on Mon Dec 20 09:10:47 2021.
Info: Server started with pid 1844437 on Mon Dec 20 09:10:47 2021.
Info: Listening for connections on any interface on port 1933.
Info: Accepting connections from any host with encryption enabled.
Info: Server with pid 1844437 terminated on Mon Dec 20 09:10:47 2021.
Info: Server started with pid 1844441 on Mon Dec 20 09:10:47 2021.
Info: Listening for connections on any interface on port 1933.
Info: Accepting connections from any host with encryption enabled.
Info: Server with pid 1844441 terminated on Mon Dec 20 09:10:47 2021.
Info: Server started with pid 1844445 on Mon Dec 20 09:10:47 2021.
Info: Listening for connections on any interface on port 1933.
Info: Accepting connections from any host with encryption enabled.
Info: Server with pid 1844445 terminated on Mon Dec 20 09:10:47 2021.
Info: Server started with pid 1844449 on Mon Dec 20 09:10:47 2021.
Info: Listening for connections on any interface on port 1933.
Info: Accepting connections from any host with encryption enabled.
Info: Server with pid 1844449 terminated on Mon Dec 20 09:10:47 2021.
Info: Server started with pid 1844453 on Mon Dec 20 09:10:47 2021.
Info: Listening for connections on any interface on port 1933.
Info: Accepting connections from any host with encryption enabled.
Info: Server with pid 1844453 terminated on Mon Dec 20 09:10:47 2021.
Info: Server started with pid 1844457 on Mon Dec 20 09:10:47 2021.
Info: Listening for connections on any interface on port 1933.
Info: Accepting connections from any host with encryption enabled.
Info: Server with pid 1844457 terminated on Mon Dec 20 09:10:47 2021.
Info: Server started with pid 1844461 on Mon Dec 20 09:10:47 2021.
Info: Listening for connections on any interface on port 1933.
Info: Accepting connections from any host with encryption enabled.
Info: Server with pid 1844461 terminated on Mon Dec 20 09:10:47 2021.
Info: Server started with pid 1844465 on Mon Dec 20 09:10:47 2021.
Info: Listening for connections on any interface on port 1933.
Info: Accepting connections from any host with encryption enabled.
Info: Server with pid 1844465 terminated on Mon Dec 20 09:10:47 2021.
Info: Server started with pid 1844469 on Mon Dec 20 09:10:47 2021.
Info: Listening for connections on any interface on port 1933.
Info: Accepting connections from any host with encryption enabled.
Info: Server with pid 1844469 terminated on Mon Dec 20 09:10:47 2021.
Info: Server started with pid 1844473 on Mon Dec 20 09:10:47 2021.
Info: Listening for connections on any interface on port 1933.
Info: Accepting connections from any host with encryption enabled.
Info: Server with pid 1844473 terminated on Mon Dec 20 09:10:47 2021.
Info: Server started with pid 1844478 on Mon Dec 20 09:10:47 2021.
Info: Listening for connections on any interface on port 1933.
Info: Accepting connections from any host with encryption enabled.
Info: Server with pid 1844478 terminated on Mon Dec 20 09:10:47 2021.
Info: Server started with pid 1844482 on Mon Dec 20 09:10:47 2021.
Info: Listening for connections on any interface on port 1933.
Info: Accepting connections from any host with encryption enabled.
Info: Server with pid 1844482 terminated on Mon Dec 20 09:10:47 2021.
Info: Server started with pid 1844486 on Mon Dec 20 09:10:47 2021.
Info: Listening for connections on any interface on port 1933.
Info: Accepting connections from any host with encryption enabled.
Info: Server with pid 1844486 terminated on Mon Dec 20 09:10:47 2021.
Info: Server started with pid 1844490 on Mon Dec 20 09:10:47 2021.
Info: Listening for connections on any interface on port 1933.
Info: Accepting connections from any host with encryption enabled.
Info: Server with pid 1844490 terminated on Mon Dec 20 09:10:47 2021.
Info: Server started with pid 1844512 on Mon Dec 20 09:10:47 2021.
Info: Listening for connections on any interface on port 1933.
Info: Accepting connections from any host with encryption enabled.
Info: Server with pid 1844512 terminated on Mon Dec 20 09:10:47 2021.
Info: Server started with pid 1844518 on Mon Dec 20 09:10:47 2021.
Info: Listening for connections on any interface on port 1933.
Info: Accepting connections from any host with encryption enabled.
Info: Server with pid 1844518 terminated on Mon Dec 20 09:10:47 2021.
Info: Server started with pid 1844523 on Mon Dec 20 09:10:47 2021.
Info: Listening for connections on any interface on port 1933.
Info: Accepting connections from any host with encryption enabled.
Info: Server with pid 1844523 terminated on Mon Dec 20 09:10:47 2021.
Info: Server started with pid 1844532 on Mon Dec 20 09:10:47 2021.
Info: Listening for connections on any interface on port 1933.
Info: Accepting connections from any host with encryption enabled.
Info: Server with pid 1844532 terminated on Mon Dec 20 09:10:47 2021.
Info: Server started with pid 1844862 on Mon Dec 20 09:11:06 2021.
Info: Listening for connections on any interface on port 1933.
Info: Accepting connections from any host with encryption enabled.
Info: Server with pid 1844862 terminated on Mon Dec 20 09:11:06 2021.
Info: Server started with pid 1844962 on Mon Dec 20 09:11:15 2021.
Info: Listening for connections on any interface on port 1933.
Info: Accepting connections from any host with encryption enabled.
Info: Server with pid 1844962 terminated on Mon Dec 20 09:11:15 2021.
Info: Server started with pid 1845165 on Mon Dec 20 09:11:49 2021.
Info: Listening for connections on any interface on port 1933.
Info: Accepting connections from any host with encryption enabled.
Info: Server with pid 1845165 terminated on Mon Dec 20 09:11:49 2021.
Info: Server started with pid 1845240 on Mon Dec 20 09:12:01 2021.
Info: Listening for connections on any interface on port 1933.
Info: Accepting connections from any host with encryption enabled.
Info: Server with pid 1845240 terminated on Mon Dec 20 09:12:01 2021.
Info: Server started with pid 1845490 on Mon Dec 20 09:12:34 2021.
Info: Listening for connections on any interface on port 4000.
Info: Accepting connections from any host with encryption enabled.
Info: Server with pid 1845490 terminated by signal 15 on Mon Dec 20 09:14:33 2021.
Info: Server started with pid 1846323 on Mon Dec 20 09:14:33 2021.
Info: Listening for connections on any interface on port 4000.
Info: Accepting connections from any host with encryption enabled.
Info: Server with pid 1846323 terminated by signal 15 on Mon Dec 20 09:14:47 2021.
Info: Server started with pid 1846550 on Mon Dec 20 09:14:48 2021.
Info: Listening for connections on any interface on port 2222.
Info: Accepting connections from any host with encryption enabled.
Info: Server with pid 1846550 terminated by signal 15 on Mon Dec 20 09:14:56 2021.
Info: Server started with pid 1846952 on Mon Dec 20 09:14:58 2021.
Info: Listening for connections on any interface on port 2222.
Info: Accepting connections from any host with encryption enabled.
Info: Server with pid 1846952 terminated by signal 15 on Mon Dec 20 09:15:03 2021.
Info: Server started with pid 1847350 on Mon Dec 20 09:15:06 2021.
Info: Listening for connections on any interface on port 2222.
Info: Accepting connections from any host with encryption enabled.
