Determining if the pthread_create exist failed with the following output:
Change Dir: /home/nio/kkrepo/code_c++/file/protocol/build/CMakeFiles/CMakeTmp

Run Build Command:"/usr/bin/make" "cmTC_82463/fast"
make[1]: Entering directory '/home/nio/kkrepo/code_c++/file/protocol/build/CMakeFiles/CMakeTmp'
/usr/bin/make -f CMakeFiles/cmTC_82463.dir/build.make CMakeFiles/cmTC_82463.dir/build
make[2]: Entering directory '/home/nio/kkrepo/code_c++/file/protocol/build/CMakeFiles/CMakeTmp'
Building C object CMakeFiles/cmTC_82463.dir/CheckSymbolExists.c.o
/usr/bin/cc    -o CMakeFiles/cmTC_82463.dir/CheckSymbolExists.c.o   -c /home/nio/kkrepo/code_c++/file/protocol/build/CMakeFiles/CMakeTmp/CheckSymbolExists.c
Linking C executable cmTC_82463
/usr/bin/cmake -E cmake_link_script CMakeFiles/cmTC_82463.dir/link.txt --verbose=1
/usr/bin/cc      CMakeFiles/cmTC_82463.dir/CheckSymbolExists.c.o  -o cmTC_82463 
/usr/bin/ld: CMakeFiles/cmTC_82463.dir/CheckSymbolExists.c.o: in function `main':
CheckSymbolExists.c:(.text+0x1f): undefined reference to `pthread_create'
collect2: error: ld returned 1 exit status
make[2]: *** [CMakeFiles/cmTC_82463.dir/build.make:98: cmTC_82463] Error 1
make[2]: Leaving directory '/home/nio/kkrepo/code_c++/file/protocol/build/CMakeFiles/CMakeTmp'
make[1]: *** [Makefile:126: cmTC_82463/fast] Error 2
make[1]: Leaving directory '/home/nio/kkrepo/code_c++/file/protocol/build/CMakeFiles/CMakeTmp'

File /home/nio/kkrepo/code_c++/file/protocol/build/CMakeFiles/CMakeTmp/CheckSymbolExists.c:
/* */
#include <pthread.h>

int main(int argc, char** argv)
{
  (void)argv;
#ifndef pthread_create
  return ((int*)(&pthread_create))[argc];
#else
  (void)argc;
  return 0;
#endif
}

Determining if the function pthread_create exists in the pthreads failed with the following output:
Change Dir: /home/nio/kkrepo/code_c++/file/protocol/build/CMakeFiles/CMakeTmp

Run Build Command:"/usr/bin/make" "cmTC_ae4e8/fast"
make[1]: Entering directory '/home/nio/kkrepo/code_c++/file/protocol/build/CMakeFiles/CMakeTmp'
/usr/bin/make -f CMakeFiles/cmTC_ae4e8.dir/build.make CMakeFiles/cmTC_ae4e8.dir/build
make[2]: Entering directory '/home/nio/kkrepo/code_c++/file/protocol/build/CMakeFiles/CMakeTmp'
Building C object CMakeFiles/cmTC_ae4e8.dir/CheckFunctionExists.c.o
/usr/bin/cc   -DCHECK_FUNCTION_EXISTS=pthread_create   -o CMakeFiles/cmTC_ae4e8.dir/CheckFunctionExists.c.o   -c /usr/share/cmake-3.10/Modules/CheckFunctionExists.c
Linking C executable cmTC_ae4e8
/usr/bin/cmake -E cmake_link_script CMakeFiles/cmTC_ae4e8.dir/link.txt --verbose=1
/usr/bin/cc  -DCHECK_FUNCTION_EXISTS=pthread_create    CMakeFiles/cmTC_ae4e8.dir/CheckFunctionExists.c.o  -o cmTC_ae4e8 -lpthreads 
/usr/bin/ld: cannot find -lpthreads
collect2: error: ld returned 1 exit status
make[2]: *** [CMakeFiles/cmTC_ae4e8.dir/build.make:98: cmTC_ae4e8] Error 1
make[2]: Leaving directory '/home/nio/kkrepo/code_c++/file/protocol/build/CMakeFiles/CMakeTmp'
make[1]: *** [Makefile:126: cmTC_ae4e8/fast] Error 2
make[1]: Leaving directory '/home/nio/kkrepo/code_c++/file/protocol/build/CMakeFiles/CMakeTmp'


